
Geometry optimization cycle 1
Cartesian coordinates (Angstrom)
 Atom        New coordinates             dX        dY        dZ
   C   0.022184  -0.057812   0.986682    0.000000  0.000000  0.000000
   C   0.013307   1.185582   0.335441    0.000000  0.000000  0.000000
   C  -0.008572  -1.171683  -1.170799    0.000000  0.000000  0.000000
   C  -0.009567   1.256822  -1.057265    0.000000  0.000000  0.000000
   C  -0.021635   0.073669  -1.784908    0.000000  0.000000  0.000000
   C   0.012762  -1.233496   0.222866    0.000000  0.000000  0.000000
   F  -0.045420   0.136171  -3.151531    0.000000  0.000000  0.000000
   H   0.040502  -1.398104   2.910428    0.000000  0.000000  0.000000
   H   0.022531   2.108447   0.919866   -0.000000  0.000000  0.000000
   H  -0.017823   2.216196  -1.576149    0.000000  0.000000  0.000000
   H  -0.016666  -2.078233  -1.777385    0.000000  0.000000  0.000000
   H   0.020906  -2.208584   0.713763    0.000000  0.000000  0.000000
   S   0.022184  -0.057812   2.754740    0.000000  0.000000  0.000000
converged SCF energy = -729.834089629494
--------------- RKS_Scanner gradients ---------------
         x                y                z
0 C     0.0008865173    -0.0011416633     0.0103469595
1 C    -0.0000253461    -0.0001389201    -0.0000409102
2 C    -0.0000124839    -0.0002595342     0.0010795702
3 C    -0.0001242417     0.0002878735     0.0007213293
4 C    -0.0000768451    -0.0000737525     0.0047822436
5 C    -0.0001072705     0.0000332806    -0.0003681508
6 F    -0.0001930328     0.0003731850    -0.0111381317
7 H     0.0000004687    -0.0030762237    -0.0005298970
8 H     0.0001376043     0.0061022242     0.0038999178
9 H    -0.0000415613     0.0062021545    -0.0032958518
10 H    -0.0000576618    -0.0058669492    -0.0038210365
11 H     0.0001364395    -0.0062485578     0.0032656060
12 S    -0.0005111489     0.0037758365    -0.0048869887
----------------------------------------------
cycle 1: E = -729.834089629  dE = -729.834  norm(grad) = 0.0225162

Geometry optimization cycle 2
Cartesian coordinates (Angstrom)
 Atom        New coordinates             dX        dY        dZ
   C   0.015433  -0.058918   0.983125   -0.006751 -0.001106 -0.003557
   C   0.007802   1.174210   0.328631   -0.005505 -0.011371 -0.006810
   C  -0.010463  -1.162358  -1.173105   -0.001892  0.009325 -0.002306
   C  -0.009626   1.247744  -1.057081   -0.000059 -0.009078  0.000184
   C  -0.019150   0.074751  -1.785785    0.002485  0.001082 -0.000878
   C   0.006256  -1.222652   0.214300   -0.006506  0.010844 -0.008566
   F  -0.037053   0.139550  -3.140883    0.008367  0.003379  0.010649
   H   0.052479  -1.393161   2.932999    0.011977  0.004942  0.022572
   H   0.016575   2.088842   0.905314   -0.005956 -0.019605 -0.014552
   H  -0.015220   2.199158  -1.568204    0.002603 -0.017039  0.007945
   H  -0.016970  -2.060496  -1.773097   -0.000304  0.017737  0.004288
   H   0.013201  -2.190088   0.696435   -0.007705  0.018495 -0.017328
   S   0.029856  -0.061144   2.761082    0.007672 -0.003332  0.006342
converged SCF energy = -729.834834494007
--------------- RKS_Scanner gradients ---------------
         x                y                z
0 C     0.0002539716     0.0001568607     0.0046439470
1 C    -0.0001181441    -0.0015364147    -0.0024350691
2 C    -0.0000095764     0.0001296302    -0.0000989702
3 C     0.0000014971    -0.0003456003    -0.0000835305
4 C     0.0000422633    -0.0000872902     0.0039534958
5 C    -0.0001535136     0.0020243130    -0.0022427181
6 F    -0.0000601434     0.0000825298    -0.0028907324
7 H    -0.0000013306     0.0001570865     0.0005043824
8 H     0.0000511880    -0.0004462176    -0.0000098737
9 H     0.0000217247    -0.0003368937    -0.0000875946
10 H     0.0000156557     0.0003219147    -0.0000860405
11 H     0.0000772934     0.0004300101     0.0000095429
12 S    -0.0001100567    -0.0005822945    -0.0011627499
----------------------------------------------
cycle 2: E = -729.834834494  dE = -0.000744865  norm(grad) = 0.00811653

Geometry optimization cycle 3
Cartesian coordinates (Angstrom)
 Atom        New coordinates             dX        dY        dZ
   C   0.013147  -0.058011   0.967791   -0.002286  0.000907 -0.015334
   C   0.006201   1.183525   0.331585   -0.001600  0.009314  0.002954
   C  -0.011003  -1.163588  -1.168893   -0.000540 -0.001229  0.004212
   C  -0.009867   1.249753  -1.053819   -0.000241  0.002009  0.003261
   C  -0.018258   0.074734  -1.779885    0.000893 -0.000016  0.005900
   C   0.004317  -1.232766   0.217536   -0.001940 -0.010113  0.003236
   F  -0.033922   0.139165  -3.130501    0.003132 -0.000385  0.010382
   H   0.056312  -1.390992   2.913702    0.003833  0.002169 -0.019297
   H   0.014367   2.095362   0.910572   -0.002208  0.006520  0.005258
   H  -0.015147   2.198782  -1.566716    0.000073 -0.000375  0.001488
   H  -0.017398  -2.059134  -1.770425   -0.000428  0.001363  0.002672
   H   0.010037  -2.197669   0.702331   -0.003164 -0.007580  0.005896
   S   0.032703  -0.058926   2.748341    0.002848  0.002218 -0.012741
converged SCF energy = -729.834781472218
--------------- RKS_Scanner gradients ---------------
         x                y                z
0 C    -0.0000985288     0.0002577061    -0.0050269776
1 C    -0.0000044851     0.0034034515     0.0020525578
2 C     0.0000112525     0.0015945758     0.0003797004
3 C     0.0000242831    -0.0014149919     0.0000986663
4 C     0.0000311945    -0.0000420993     0.0010730732
5 C    -0.0000405534    -0.0038825992     0.0017091165
6 F    -0.0000023314     0.0000032676     0.0006265397
7 H     0.0000014300     0.0003897922    -0.0001961447
8 H     0.0000119719    -0.0003848884    -0.0005626230
9 H     0.0000218726    -0.0010011439     0.0008357854
10 H     0.0000216352     0.0009325286     0.0009563353
11 H     0.0000321634     0.0003690478    -0.0003934993
12 S     0.0000004316    -0.0002541479    -0.0015345744
----------------------------------------------
cycle 3: E = -729.834781472  dE = 5.30218e-05  norm(grad) = 0.00849938

Geometry optimization cycle 4
Cartesian coordinates (Angstrom)
 Atom        New coordinates             dX        dY        dZ
   C   0.013399  -0.058267   0.975928    0.000252 -0.000256  0.008137
   C   0.006286   1.179052   0.330442    0.000085 -0.004473 -0.001143
   C  -0.011019  -1.163552  -1.171909   -0.000016  0.000036 -0.003017
   C  -0.009938   1.250043  -1.056069   -0.000071  0.000290 -0.002250
   C  -0.018379   0.075164  -1.784605   -0.000122  0.000430 -0.004720
   C   0.004434  -1.227414   0.216059    0.000117  0.005352 -0.001478
   F  -0.034151   0.139909  -3.135846   -0.000229  0.000744 -0.005345
   H   0.056205  -1.392614   2.921733   -0.000107 -0.001622  0.008031
   H   0.014383   2.092597   0.908581    0.000016 -0.002765 -0.001990
   H  -0.015313   2.201306  -1.567634   -0.000166  0.002524 -0.000919
   H  -0.017480  -2.061434  -1.772379   -0.000082 -0.002300 -0.001954
   H   0.010062  -2.193960   0.699591    0.000025  0.003709 -0.002740
   S   0.032734  -0.059815   2.757268    0.000031 -0.000889  0.008927
converged SCF energy = -729.834899579016
--------------- RKS_Scanner gradients ---------------
         x                y                z
0 C    -0.0000342413    -0.0000026003    -0.0004359187
1 C    -0.0000218091     0.0006067906     0.0003934249
2 C     0.0000056053     0.0001455239    -0.0001316924
3 C     0.0000160613    -0.0001269616    -0.0001875634
4 C     0.0000215501    -0.0000291746     0.0005714499
5 C    -0.0000502656    -0.0006897521     0.0002468496
6 F    -0.0000094647     0.0000084219    -0.0001698894
7 H     0.0000063725     0.0001284929    -0.0000351311
8 H     0.0000164352    -0.0001803320    -0.0001347358
9 H     0.0000132237    -0.0002047270     0.0001599823
10 H     0.0000115652     0.0001873891     0.0001763918
11 H     0.0000305896     0.0001895231    -0.0000897672
12 S     0.0000047088    -0.0000641911    -0.0003467157
----------------------------------------------
cycle 4: E = -729.834899579  dE = -0.000118107  norm(grad) = 0.00143976

Geometry optimization cycle 5
Cartesian coordinates (Angstrom)
 Atom        New coordinates             dX        dY        dZ
   C   0.013990  -0.058038   0.977020    0.000592  0.000228  0.001093
   C   0.006577   1.178632   0.330234    0.000291 -0.000420 -0.000208
   C  -0.011001  -1.162602  -1.172535    0.000017  0.000950 -0.000626
   C  -0.010195   1.250395  -1.056364   -0.000257  0.000352 -0.000294
   C  -0.018634   0.075954  -1.786109   -0.000255  0.000790 -0.001504
   C   0.004887  -1.226116   0.215579    0.000453  0.001298 -0.000480
   F  -0.034662   0.140855  -3.137085   -0.000511  0.000946 -0.001239
   H   0.055534  -1.393619   2.922669   -0.000671 -0.001005  0.000936
   H   0.014291   2.092692   0.908289   -0.000092  0.000095 -0.000292
   H  -0.016082   2.202258  -1.567538   -0.000769  0.000952  0.000096
   H  -0.017818  -2.060996  -1.772856   -0.000338  0.000438 -0.000478
   H   0.010006  -2.193347   0.698602   -0.000056  0.000612 -0.000989
   S   0.032837  -0.060452   2.758871    0.000103 -0.000637  0.001603
converged SCF energy = -729.834902181968
--------------- RKS_Scanner gradients ---------------
         x                y                z
0 C    -0.0000007357    -0.0000252689     0.0000442950
1 C     0.0000029136     0.0000499473     0.0000165165
2 C     0.0000059263     0.0001351395     0.0000695627
3 C     0.0000008076    -0.0001194617     0.0000289586
4 C     0.0000004659    -0.0000006545    -0.0000311364
5 C    -0.0000127912    -0.0000720506     0.0000090370
6 F     0.0000017137     0.0000026873    -0.0001487382
7 H     0.0000062497    -0.0000014250     0.0000147052
8 H     0.0000051306    -0.0000051790     0.0000109343
9 H     0.0000039351    -0.0000232110     0.0000027376
10 H     0.0000019499     0.0000182025     0.0000125639
11 H     0.0000048419     0.0000023127     0.0000250498
12 S    -0.0000098775     0.0000069005    -0.0000381809
----------------------------------------------
cycle 5: E = -729.834902182  dE = -2.60295e-06  norm(grad) = 0.000275514

Geometry optimization cycle 6
Cartesian coordinates (Angstrom)
 Atom        New coordinates             dX        dY        dZ
   C   0.014162  -0.057688   0.976740    0.000172  0.000351 -0.000280
   C   0.006557   1.179076   0.330189   -0.000020  0.000444 -0.000046
   C  -0.011122  -1.162690  -1.173150   -0.000121 -0.000088 -0.000615
   C  -0.010428   1.251428  -1.056348   -0.000233  0.001033  0.000016
   C  -0.018873   0.076534  -1.785534   -0.000239  0.000580  0.000575
   C   0.005009  -1.225540   0.214970    0.000122  0.000575 -0.000609
   F  -0.035103   0.141728  -3.136277   -0.000441  0.000874  0.000808
   H   0.055193  -1.394031   2.921792   -0.000341 -0.000412 -0.000877
   H   0.014140   2.093052   0.908458   -0.000151  0.000360  0.000168
   H  -0.016531   2.203337  -1.567583   -0.000449  0.001078 -0.000045
   H  -0.018063  -2.061012  -1.773717   -0.000246 -0.000016 -0.000861
   H   0.010053  -2.192835   0.697952    0.000047  0.000512 -0.000650
   S   0.033094  -0.060738   2.758735    0.000257 -0.000286 -0.000136
converged SCF energy = -729.834902009064
--------------- RKS_Scanner gradients ---------------
         x                y                z
0 C     0.0000080990    -0.0000217318     0.0000942470
1 C     0.0000063279    -0.0001211164    -0.0000761223
2 C     0.0000004810    -0.0002461961    -0.0001554117
3 C    -0.0000031093     0.0001756023    -0.0001009924
4 C     0.0000027070    -0.0000101199     0.0002161676
5 C    -0.0000013754     0.0002146716    -0.0000974463
6 F     0.0000065115    -0.0000212803     0.0001445049
7 H     0.0000055625    -0.0000164036     0.0000060615
8 H     0.0000007099     0.0000196903    -0.0000002522
9 H     0.0000018295     0.0000572372    -0.0000122132
10 H    -0.0000000652    -0.0000691751    -0.0000238755
11 H    -0.0000040364    -0.0000152073    -0.0000052921
12 S    -0.0000128950     0.0000218345     0.0000266008
----------------------------------------------
cycle 6: E = -729.834902009  dE = 1.72904e-07  norm(grad) = 0.000539135
converged SCF energy = -729.834902009008
Dipole moment(X, Y, Z, Debye):  0.02043, -0.76462,  0.75111
