
Geometry optimization cycle 1
Cartesian coordinates (Angstrom)
 Atom        New coordinates             dX        dY        dZ
   C   8.085561   0.004547  17.590043    0.000000  0.000000  0.000000
   C   9.143796   0.594253  18.298876   -0.000000  0.000000  0.000000
   C   7.055964  -0.640127  19.693320    0.000000  0.000000  0.000000
   C   9.163657   0.571124  19.692957    0.000000  0.000000  0.000000
   C   8.117506  -0.048310  20.364763    0.000000  0.000000  0.000000
   C   7.043021  -0.610397  18.298205    0.000000  0.000000  0.000000
   F   8.134244  -0.076404  21.732596    0.000000  0.000000  0.000000
   H   7.013509  -0.626280  15.600844    0.000000  0.000000  0.000000
   H   9.962244   1.075108  17.758586    0.000000  0.000000  0.000000
   H   9.979517   1.025254  20.256188    0.000000  0.000000  0.000000
   H   6.252074  -1.115237  20.256786    0.000000  0.000000 -0.000000
   H   6.210616  -1.071480  17.762879    0.000000  0.000000  0.000000
   S   8.137584   0.086611  15.824637    0.000000  0.000000  0.000000
converged SCF energy = -729.834104223841
--------------- RKS_Scanner gradients ---------------
         x                y                z
0 C    -0.0004915913    -0.0001539960    -0.0105460069
1 C    -0.0001151244    -0.0000021739     0.0000615287
2 C    -0.0003216954    -0.0001272180    -0.0009693464
3 C     0.0003148372     0.0002182573    -0.0008038204
4 C    -0.0000870138     0.0000597025    -0.0046887128
5 C    -0.0000148929     0.0000020480     0.0004574201
6 F     0.0002284568    -0.0002366749     0.0111253757
7 H    -0.0026961072    -0.0017664957     0.0002802771
8 H     0.0053546972     0.0031222887    -0.0035500509
9 H     0.0051116320     0.0028762366     0.0035008462
10 H    -0.0051241793    -0.0029683233     0.0035235254
11 H    -0.0054088279    -0.0030016725    -0.0035204710
12 S     0.0032490523     0.0019856319     0.0051067883
----------------------------------------------
cycle 1: E = -729.834104224  dE = -729.834  norm(grad) = 0.0225013

Geometry optimization cycle 2
Cartesian coordinates (Angstrom)
 Atom        New coordinates             dX        dY        dZ
   C   8.084671   0.003829  17.594185   -0.000890 -0.000718  0.004142
   C   9.134291   0.588097  18.305692   -0.009505 -0.006156  0.006816
   C   7.064319  -0.636339  19.694944    0.008355  0.003788  0.001624
   C   9.156394   0.566838  19.693095   -0.007263 -0.004286  0.000138
   C   8.117940  -0.047607  20.364961    0.000434  0.000703  0.000198
   C   7.052324  -0.606032  18.306485    0.009303  0.004365  0.008279
   F   8.133887  -0.073756  21.721361   -0.000357  0.002648 -0.011235
   H   7.015863  -0.621976  15.581825    0.002354  0.004304 -0.019018
   H   9.945353   1.064595  17.772450   -0.016891 -0.010513  0.013864
   H   9.965652   1.017336  20.248676   -0.013865 -0.007918 -0.007512
   H   6.268005  -1.107883  20.251905    0.015931  0.007354 -0.004881
   H   6.226954  -1.063665  17.779457    0.016339  0.007815  0.016578
   S   8.133742   0.084177  15.818760   -0.003842 -0.002435 -0.005877
converged SCF energy = -729.834835704181
--------------- RKS_Scanner gradients ---------------
         x                y                z
0 C     0.0001452064     0.0001738554    -0.0044933698
1 C    -0.0014100182    -0.0008621068     0.0023524200
2 C     0.0002116104     0.0000887644     0.0001267726
3 C    -0.0000963299    -0.0000650179     0.0001307873
4 C    -0.0000776875     0.0000703323    -0.0040552976
5 C     0.0015685798     0.0008884431     0.0021853106
6 F     0.0000363853    -0.0000543948     0.0028087598
7 H     0.0001456075     0.0000822752    -0.0004907113
8 H    -0.0003643602    -0.0002234373     0.0000024050
9 H    -0.0002735841    -0.0001525578     0.0000932742
10 H     0.0002543686     0.0001660379     0.0000684211
11 H     0.0003493369     0.0002093133     0.0000137947
12 S    -0.0004906900    -0.0003125469     0.0012334463
----------------------------------------------
cycle 2: E = -729.834835704  dE = -0.00073148  norm(grad) = 0.00797888

Geometry optimization cycle 3
Cartesian coordinates (Angstrom)
 Atom        New coordinates             dX        dY        dZ
   C   8.085460   0.003957  17.608647    0.000789  0.000127  0.014462
   C   9.142644   0.592986  18.302855    0.008352  0.004889 -0.002837
   C   7.062934  -0.637422  19.691149   -0.001386 -0.001084 -0.003794
   C   9.156806   0.567125  19.689770    0.000412  0.000287 -0.003325
   C   8.117241  -0.047896  20.360194   -0.000699 -0.000289 -0.004767
   C   7.044931  -0.610723  18.303183   -0.007394 -0.004692 -0.003302
   F   8.132676  -0.073871  21.712262   -0.001211 -0.000114 -0.009098
   H   7.015712  -0.621256  15.601371   -0.000151  0.000719  0.019546
   H   9.951731   1.068592  17.767857    0.006378  0.003998 -0.004593
   H   9.964027   1.016327  20.247124   -0.001626 -0.001009 -0.001552
   H   6.268562  -1.108395  20.249118    0.000557 -0.000512 -0.002787
   H   6.222133  -1.067287  17.773290   -0.004821 -0.003621 -0.006167
   S   8.134759   0.084172  15.830512    0.001016 -0.000004  0.011751
converged SCF energy = -729.834788059889
--------------- RKS_Scanner gradients ---------------
         x                y                z
0 C    -0.0000553266    -0.0001480996     0.0047712699
1 C     0.0031939245     0.0018561336    -0.0019652876
2 C     0.0013131862     0.0007492865    -0.0002667484
3 C    -0.0014821024    -0.0008497766    -0.0004153391
4 C    -0.0000167328     0.0000217559    -0.0008677180
5 C    -0.0030031206    -0.0016503682    -0.0017447752
6 F    -0.0000299974     0.0000037001    -0.0004181121
7 H     0.0003221606     0.0001749272     0.0002256299
8 H    -0.0002834557    -0.0001803467     0.0004424007
9 H    -0.0008010880    -0.0004409655    -0.0008455334
10 H     0.0007747488     0.0004753472    -0.0008235601
11 H     0.0002990884     0.0001623808     0.0003940293
12 S    -0.0002336805    -0.0001646675     0.0014882848
----------------------------------------------
cycle 3: E = -729.83478806  dE = 4.76443e-05  norm(grad) = 0.00822073

Geometry optimization cycle 4
Cartesian coordinates (Angstrom)
 Atom        New coordinates             dX        dY        dZ
   C   8.085171   0.003938  17.601250   -0.000289 -0.000018 -0.007397
   C   9.138432   0.590560  18.304298   -0.004212 -0.002426  0.001443
   C   7.063036  -0.637461  19.693664    0.000102 -0.000039  0.002514
   C   9.157439   0.567450  19.692390    0.000633  0.000324  0.002621
   C   8.117633  -0.047795  20.364316    0.000392  0.000101  0.004123
   C   7.048673  -0.608672  18.304511    0.003742  0.002051  0.001328
   F   8.133114  -0.073787  21.716853    0.000438  0.000084  0.004591
   H   7.014937  -0.621490  15.593271   -0.000775 -0.000234 -0.008100
   H   9.948704   1.066856  17.770042   -0.003027 -0.001736  0.002185
   H   9.966512   1.017771  20.248460    0.002485  0.001445  0.001336
   H   6.266996  -1.109382  20.250750   -0.001565 -0.000987  0.001632
   H   6.224490  -1.066086  17.775858    0.002357  0.001201  0.002568
   S   8.134534   0.084180  15.822277   -0.000225  0.000008 -0.008235
converged SCF energy = -729.834895201607
--------------- RKS_Scanner gradients ---------------
         x                y                z
0 C    -0.0000742295    -0.0000537702     0.0005253129
1 C     0.0006486585     0.0003632149    -0.0003832338
2 C     0.0001942550     0.0000971601     0.0001411473
3 C    -0.0001637047    -0.0001026632     0.0001160353
4 C    -0.0000208982     0.0000103562    -0.0005224388
5 C    -0.0006377876    -0.0003349627    -0.0003480691
6 F     0.0000012228     0.0000051883     0.0001645404
7 H     0.0001270706     0.0000568155     0.0000452751
8 H    -0.0001605479    -0.0001054913     0.0001245302
9 H    -0.0001824102    -0.0001029100    -0.0001770707
10 H     0.0001808932     0.0001170172    -0.0001833921
11 H     0.0001677670     0.0000983931     0.0001036684
12 S    -0.0000825013    -0.0000390885     0.0003688633
----------------------------------------------
cycle 4: E = -729.834895202  dE = -0.000107142  norm(grad) = 0.0015699

Geometry optimization cycle 5
Cartesian coordinates (Angstrom)
 Atom        New coordinates             dX        dY        dZ
   C   8.085516   0.003880  17.600105    0.000345 -0.000059 -0.001145
   C   9.137839   0.590315  18.304679   -0.000593 -0.000246  0.000380
   C   7.063233  -0.637660  19.694409    0.000197 -0.000198  0.000745
   C   9.157160   0.567377  19.692936   -0.000279 -0.000073  0.000545
   C   8.117683  -0.047979  20.365859    0.000050 -0.000184  0.001542
   C   7.049977  -0.608389  18.305125    0.001304  0.000283  0.000614
   F   8.133275  -0.074034  21.718142    0.000161 -0.000248  0.001288
   H   7.013723  -0.621295  15.592247   -0.001214  0.000195 -0.001024
   H   9.948589   1.067139  17.770783   -0.000115  0.000282  0.000741
   H   9.966615   1.018091  20.248828    0.000103  0.000319  0.000368
   H   6.266689  -1.110005  20.251145   -0.000307 -0.000623  0.000395
   H   6.225377  -1.066288  17.776725    0.000887 -0.000202  0.000867
   S   8.134312   0.083591  15.820550   -0.000222 -0.000589 -0.001726
converged SCF energy = -729.834898251933
--------------- RKS_Scanner gradients ---------------
         x                y                z
0 C    -0.0000362905    -0.0000318401    -0.0000538408
1 C     0.0001201314     0.0000602636    -0.0000437185
2 C     0.0000253254     0.0000176177     0.0000128343
3 C    -0.0001443601    -0.0000796420    -0.0000734586
4 C    -0.0000034585     0.0000014100     0.0000081230
5 C     0.0000360569     0.0000369209     0.0000334153
6 F    -0.0000123843    -0.0000064810     0.0001202263
7 H     0.0000071655    -0.0000168416    -0.0000107795
8 H     0.0000045116    -0.0000083843    -0.0000249193
9 H    -0.0000160801    -0.0000131182    -0.0000169974
10 H     0.0000059273     0.0000107794     0.0000013561
11 H     0.0000077863     0.0000110581    -0.0000080030
12 S     0.0000034426     0.0000276084     0.0000309198
----------------------------------------------
cycle 5: E = -729.834898252  dE = -3.05033e-06  norm(grad) = 0.000285345

Geometry optimization cycle 6
Cartesian coordinates (Angstrom)
 Atom        New coordinates             dX        dY        dZ
   C   8.085337   0.003508  17.600498   -0.000179 -0.000372  0.000393
   C   9.137279   0.590027  18.305558   -0.000560 -0.000288  0.000880
   C   7.063482  -0.637919  19.694390    0.000249 -0.000259 -0.000018
   C   9.157984   0.567894  19.693795    0.000824  0.000517  0.000860
   C   8.118040  -0.047944  20.365645    0.000357  0.000036 -0.000214
   C   7.049714  -0.609031  18.305122   -0.000263 -0.000642 -0.000003
   F   8.133293  -0.074176  21.717740    0.000018 -0.000141 -0.000401
   H   7.013204  -0.620601  15.592511   -0.000519  0.000694  0.000263
   H   9.947831   1.067011  17.771433   -0.000758 -0.000128  0.000650
   H   9.967455   1.018834  20.249641    0.000840  0.000743  0.000813
   H   6.267110  -1.110333  20.251427    0.000421 -0.000328  0.000282
   H   6.225104  -1.067199  17.776847   -0.000273 -0.000911  0.000122
   S   8.134503   0.083210  15.820808    0.000191 -0.000382  0.000257
converged SCF energy = -729.834897870301
--------------- RKS_Scanner gradients ---------------
         x                y                z
0 C     0.0000018612    -0.0000127354    -0.0000841583
1 C    -0.0002599844    -0.0001623466     0.0001800265
2 C     0.0000063863     0.0000089400     0.0000153468
3 C     0.0002966130     0.0001698354     0.0001672311
4 C    -0.0000267339    -0.0000098128    -0.0001486241
5 C    -0.0000275065     0.0000010681    -0.0000282516
6 F     0.0000259147     0.0000208583    -0.0001165025
7 H    -0.0000067128    -0.0000244583    -0.0000139774
8 H     0.0000128940    -0.0000040779     0.0000181370
9 H     0.0000600548     0.0000287316     0.0000423480
10 H    -0.0000429911    -0.0000172657    -0.0000077045
11 H    -0.0000327317    -0.0000110878    -0.0000254618
12 S    -0.0000093049     0.0000217024    -0.0000231770
----------------------------------------------
cycle 6: E = -729.83489787  dE = 3.81632e-07  norm(grad) = 0.000574984
converged SCF energy = -729.834897870237
Dipole moment(X, Y, Z, Debye): -0.62322, -0.37476, -0.78664
