
Geometry optimization cycle 1
Cartesian coordinates (Angstrom)
 Atom        New coordinates             dX        dY        dZ
   C   0.018800  -0.049744   0.926366    0.000000  0.000000 -0.000000
   C   0.015617   1.188041   0.266845    0.000000  0.000000  0.000000
   C  -0.001432  -1.155591  -1.229328    0.000000  0.000000  0.000000
   C  -0.000002   1.239967  -1.126081    0.000000  0.000000  0.000000
   C  -0.012711   0.073123  -1.902600    0.000000  0.000000  0.000000
   C   0.013438  -1.224706   0.163030    0.000000  0.000000  0.000000
   C  -0.067651   0.136148  -3.406678    0.000000  0.000000  0.000000
   H  -0.002242   2.215436  -1.620901    0.000000  0.000000  0.000000
   H  -0.005276  -2.085437  -1.805842    0.000000  0.000000  0.000000
   H   0.021875  -2.199448   0.656300    0.000000  0.000000 -0.000000
   H   0.026197   2.115276   0.845313    0.000000  0.000000 -0.000000
   H   0.032385  -1.390645   2.847283    0.000000  0.000000  0.000000
   H  -1.111455   0.163987  -3.764239    0.000000  0.000000  0.000000
   H   0.434234   1.036678  -3.790240    0.000000  0.000000  0.000000
   H   0.410763  -0.743127  -3.862715    0.000000  0.000000  0.000000
   S   0.018800  -0.049744   2.693379    0.000000  0.000000  0.000000
converged SCF energy = -669.889296656298
--------------- RKS_Scanner gradients ---------------
         x                y                z
0 C     0.0005390454    -0.0009067131     0.0107695142
1 C     0.0000391471     0.0001488672    -0.0001550304
2 C    -0.0000160654     0.0008072636     0.0006891386
3 C    -0.0000601492    -0.0006940355     0.0003616668
4 C    -0.0000731682     0.0002872951    -0.0046047112
5 C     0.0000051789    -0.0001064903    -0.0004883109
6 C     0.0006202543    -0.0002038232     0.0054187513
7 H    -0.0001119475     0.0063334422    -0.0033271388
8 H    -0.0001396320    -0.0061570047    -0.0038783494
9 H     0.0000963617    -0.0062454585     0.0033572364
10 H     0.0001065924     0.0061085073     0.0038671455
11 H     0.0000138146    -0.0031768396    -0.0006212965
12 H    -0.0061792676     0.0000760229    -0.0017876492
13 H     0.0028763769     0.0052642833    -0.0020329752
14 H     0.0026981217    -0.0052145378    -0.0024475555
15 S    -0.0004128010     0.0036943828    -0.0051199676
----------------------------------------------
cycle 1: E = -669.889296656  dE = -669.889  norm(grad) = 0.0234398

Geometry optimization cycle 2
Cartesian coordinates (Angstrom)
 Atom        New coordinates             dX        dY        dZ
   C   0.013818  -0.052421   0.924293   -0.004982 -0.002677 -0.002072
   C   0.010113   1.173455   0.259189   -0.005504 -0.014586 -0.007656
   C  -0.006410  -1.146741  -1.229972   -0.004979  0.008850 -0.000644
   C  -0.003550   1.228387  -1.126714   -0.003548 -0.011580 -0.000632
   C  -0.015576   0.072300  -1.905924   -0.002865 -0.000823 -0.003324
   C   0.006743  -1.215294   0.156150   -0.006695  0.009412 -0.006880
   C  -0.065219   0.137455  -3.408684    0.002432  0.001307 -0.002006
   H  -0.002350   2.196364  -1.611937   -0.000108 -0.019071  0.008964
   H  -0.007635  -2.068712  -1.797914   -0.002359  0.016726  0.007928
   H   0.015932  -2.182709   0.639793   -0.005943  0.016739 -0.016507
   H   0.022313   2.092916   0.829110   -0.003884 -0.022360 -0.016203
   H   0.045529  -1.381630   2.877491    0.013145  0.009014  0.030208
   H  -1.097062   0.167238  -3.769402    0.014394  0.003251 -0.005162
   H   0.434791   1.029494  -3.786109    0.000556 -0.007185  0.004131
   H   0.410428  -0.732595  -3.861307   -0.000335  0.010533  0.001408
   S   0.029161  -0.049859   2.701749    0.010362 -0.000116  0.008370
converged SCF energy = -669.890061804728
--------------- RKS_Scanner gradients ---------------
         x                y                z
0 C     0.0002035877     0.0004040313     0.0049504854
1 C    -0.0001163574    -0.0017314185    -0.0027672236
2 C     0.0000072665     0.0009003904     0.0013554500
3 C     0.0000189076    -0.0007864358     0.0011154958
4 C     0.0001018867     0.0001776296    -0.0016453609
5 C    -0.0001492462     0.0016129225    -0.0023536739
6 C     0.0001500350     0.0000211681     0.0004620679
7 H     0.0000045510    -0.0003430951    -0.0002081659
8 H     0.0000041939     0.0003724416    -0.0001428816
9 H     0.0000554947     0.0004539595     0.0001658651
10 H     0.0000358372    -0.0005152515     0.0000862613
11 H     0.0000115631     0.0001684100     0.0005221994
12 H    -0.0001113711    -0.0000089371    -0.0002029745
13 H    -0.0000628098    -0.0000197222    -0.0001401721
14 H    -0.0000606113     0.0000230859    -0.0001178804
15 S    -0.0000911239    -0.0007137237    -0.0010790054
----------------------------------------------
cycle 2: E = -669.890061805  dE = -0.000765148  norm(grad) = 0.00734515

Geometry optimization cycle 3
Cartesian coordinates (Angstrom)
 Atom        New coordinates             dX        dY        dZ
   C   0.012151  -0.050507   0.903172   -0.001667  0.001914 -0.021122
   C   0.008402   1.185331   0.259056   -0.001712  0.011876 -0.000133
   C  -0.008570  -1.155628  -1.230337   -0.002159 -0.008887 -0.000365
   C  -0.005302   1.233464  -1.126128   -0.001751  0.005076  0.000586
   C  -0.017018   0.069887  -1.893785   -0.001442 -0.002413  0.012139
   C   0.004629  -1.225216   0.154887   -0.002114 -0.009922 -0.001264
   C  -0.063835   0.135681  -3.396360    0.001384 -0.001774  0.012324
   H  -0.003477   2.197407  -1.615762   -0.001127  0.001043 -0.003824
   H  -0.009418  -2.074175  -1.800753   -0.001782 -0.005464 -0.002839
   H   0.013648  -2.188589   0.643381   -0.002283 -0.005880  0.003588
   H   0.020915   2.101389   0.831813   -0.001398  0.008473  0.002704
   H   0.049700  -1.377753   2.853601    0.004171  0.003878 -0.023890
   H  -1.093180   0.166313  -3.758051    0.003881 -0.000926  0.011350
   H   0.436924   1.026398  -3.770936    0.002134 -0.003096  0.015173
   H   0.412020  -0.732918  -3.847361    0.001592 -0.000323  0.013946
   S   0.033110  -0.046199   2.683290    0.003948  0.003660 -0.018459
converged SCF energy = -669.889996396293
--------------- RKS_Scanner gradients ---------------
         x                y                z
0 C    -0.0000506612     0.0003617655    -0.0048016343
1 C    -0.0000014117     0.0031441133     0.0017645153
2 C    -0.0000129487    -0.0009849225    -0.0005886522
3 C     0.0000127431     0.0002371770    -0.0001919604
4 C     0.0000107888    -0.0000072306     0.0028093114
5 C    -0.0000532214    -0.0027221079     0.0010108109
6 C    -0.0000204713    -0.0000404754     0.0001094305
7 H     0.0000276909    -0.0008805958     0.0009538556
8 H     0.0000324750     0.0007746771     0.0009241935
9 H     0.0000194715     0.0005697950    -0.0006960870
10 H     0.0000051148    -0.0004969493    -0.0007402809
11 H     0.0000104313     0.0004789600    -0.0001748627
12 H     0.0010749149    -0.0000293053     0.0003503115
13 H    -0.0005378440    -0.0008972823     0.0004072409
14 H    -0.0005001068     0.0008859627     0.0004719145
15 S    -0.0000149555    -0.0003767705    -0.0016035877
----------------------------------------------
cycle 3: E = -669.889996396  dE = 6.54084e-05  norm(grad) = 0.00809047

Geometry optimization cycle 4
Cartesian coordinates (Angstrom)
 Atom        New coordinates             dX        dY        dZ
   C   0.012427  -0.051649   0.914367    0.000276 -0.001142  0.011195
   C   0.008556   1.179453   0.259651    0.000154 -0.005877  0.000595
   C  -0.008474  -1.151884  -1.230081    0.000096  0.003745  0.000256
   C  -0.005266   1.231787  -1.127114    0.000035 -0.001676 -0.000987
   C  -0.017066   0.070907  -1.900372   -0.000048  0.001020 -0.006587
   C   0.004848  -1.221038   0.156834    0.000219  0.004178  0.001947
   C  -0.063974   0.136130  -3.403914   -0.000139  0.000449 -0.007555
   H  -0.003547   2.198434  -1.614647   -0.000070  0.001028  0.001115
   H  -0.009423  -2.072860  -1.799302   -0.000005  0.001316  0.001451
   H   0.013789  -2.186945   0.643033    0.000141  0.001645 -0.000348
   H   0.021003   2.097715   0.831224    0.000088 -0.003674 -0.000590
   H   0.049539  -1.379341   2.864966   -0.000161 -0.001589  0.011366
   H  -1.094692   0.166613  -3.765759   -0.001512  0.000300 -0.007708
   H   0.437378   1.027788  -3.779322    0.000453  0.001390 -0.008386
   H   0.412432  -0.733753  -3.855065    0.000412 -0.000835 -0.007704
   S   0.033112  -0.046953   2.695096    0.000003 -0.000754  0.011806
converged SCF energy = -669.89013967978
--------------- RKS_Scanner gradients ---------------
         x                y                z
0 C    -0.0000003467     0.0000612134    -0.0003175409
1 C    -0.0000282538     0.0004942225     0.0002834343
2 C    -0.0000078385    -0.0001994605    -0.0001001343
3 C     0.0000104437     0.0002018240    -0.0001786773
4 C     0.0000028684     0.0000450252     0.0003502574
5 C    -0.0000627360    -0.0006207755     0.0001390052
6 C     0.0000122062     0.0000074146     0.0000639212
7 H     0.0000214155    -0.0001743620     0.0001608949
8 H     0.0000245089     0.0001817357     0.0001751197
9 H     0.0000252527     0.0001708772    -0.0001079282
10 H     0.0000151173    -0.0001668006    -0.0001488812
11 H     0.0000151858     0.0001384475    -0.0000158490
12 H     0.0002359169    -0.0000056460     0.0000363816
13 H    -0.0001363029    -0.0001950810     0.0000460261
14 H    -0.0001175077     0.0002042806     0.0000648806
15 S    -0.0000079310    -0.0001268295    -0.0004479889
----------------------------------------------
cycle 4: E = -669.89013968  dE = -0.000143283  norm(grad) = 0.00130957

Geometry optimization cycle 5
Cartesian coordinates (Angstrom)
 Atom        New coordinates             dX        dY        dZ
   C   0.012991  -0.051042   0.916109    0.000564  0.000606  0.001742
   C   0.008928   1.179309   0.259965    0.000372 -0.000144  0.000315
   C  -0.008286  -1.152025  -1.230242    0.000188 -0.000141 -0.000161
   C  -0.005283   1.230365  -1.127036   -0.000017 -0.001422  0.000078
   C  -0.017009   0.070183  -1.901618    0.000057 -0.000724 -0.001246
   C   0.005433  -1.219370   0.156985    0.000585  0.001668  0.000152
   C  -0.064014   0.135514  -3.405362   -0.000040 -0.000616 -0.001448
   H  -0.004204   2.197288  -1.614794   -0.000657 -0.001146 -0.000147
   H  -0.009771  -2.073874  -1.798792   -0.000349 -0.001015  0.000510
   H   0.013917  -2.185669   0.643198    0.000128  0.001276  0.000165
   H   0.020907   2.098480   0.830831   -0.000095  0.000765 -0.000392
   H   0.048430  -1.379638   2.866408   -0.001110 -0.000297  0.001442
   H  -1.095196   0.166188  -3.766972   -0.000504 -0.000425 -0.001212
   H   0.437766   1.027496  -3.780511    0.000388 -0.000292 -0.001189
   H   0.412526  -0.734775  -3.856479    0.000094 -0.001022 -0.001414
   S   0.033158  -0.046820   2.697427    0.000045  0.000133  0.002330
converged SCF energy = -669.890142531995
--------------- RKS_Scanner gradients ---------------
         x                y                z
0 C     0.0000079457    -0.0000153910     0.0001220215
1 C     0.0000041472     0.0002458293     0.0001228230
2 C    -0.0000115265    -0.0001829970    -0.0000673812
3 C    -0.0000000239    -0.0003150670     0.0001353005
4 C     0.0000030646     0.0000575620    -0.0000968105
5 C    -0.0000162762     0.0002126144    -0.0001676767
6 C     0.0000107610    -0.0000332565     0.0000359776
7 H     0.0000031779    -0.0000230966     0.0000330575
8 H     0.0000026795    -0.0000046698    -0.0000361268
9 H     0.0000057384     0.0000199219    -0.0000137121
10 H     0.0000073288     0.0000180268     0.0000466258
11 H     0.0000144546    -0.0000085498    -0.0000012947
12 H    -0.0000081514    -0.0000014768    -0.0000098724
13 H    -0.0000049699     0.0000139522    -0.0000047770
14 H     0.0000024590     0.0000022459    -0.0000198713
15 S    -0.0000187716     0.0000303250    -0.0000755631
----------------------------------------------
cycle 5: E = -669.890142532  dE = -2.85221e-06  norm(grad) = 0.000591165

Geometry optimization cycle 6
Cartesian coordinates (Angstrom)
 Atom        New coordinates             dX        dY        dZ
   C   0.013320  -0.051626   0.916384    0.000329 -0.000584  0.000276
   C   0.009073   1.177900   0.258562    0.000144 -0.001409 -0.001403
   C  -0.008141  -1.150958  -1.229199    0.000145  0.001067  0.001042
   C  -0.005335   1.231570  -1.128396   -0.000051  0.001205 -0.001360
   C  -0.016991   0.070629  -1.901856    0.000018  0.000446 -0.000238
   C   0.005799  -1.220311   0.158024    0.000366 -0.000941  0.001038
   C  -0.064043   0.134649  -3.405748   -0.000028 -0.000865 -0.000386
   H  -0.004638   2.198814  -1.615925   -0.000434  0.001525 -0.001131
   H  -0.009903  -2.072837  -1.797946   -0.000132  0.001037  0.000846
   H   0.014056  -2.187000   0.643846    0.000138 -0.001331  0.000648
   H   0.020727   2.097087   0.829620   -0.000180 -0.001392 -0.001212
   H   0.047415  -1.378916   2.867837   -0.001015  0.000722  0.001428
   H  -1.095404   0.165211  -3.767251   -0.000208 -0.000977 -0.000280
   H   0.438077   1.026325  -3.781579    0.000311 -0.001171 -0.001068
   H   0.412461  -0.736312  -3.855932   -0.000065 -0.001537  0.000547
   S   0.033384  -0.046063   2.698094    0.000226  0.000757  0.000667
converged SCF energy = -669.890141103467
--------------- RKS_Scanner gradients ---------------
         x                y                z
0 C     0.0000118853    -0.0000152254     0.0002094597
1 C     0.0000151938    -0.0005489672    -0.0003155660
2 C    -0.0000065653     0.0003674223     0.0002274574
3 C    -0.0000039652     0.0003233877    -0.0001390328
4 C     0.0000013922    -0.0000314985    -0.0000774507
5 C     0.0000121427    -0.0001009641     0.0000440796
6 C     0.0000011213     0.0000461223     0.0000348274
7 H    -0.0000064984     0.0001159695    -0.0001040283
8 H    -0.0000072830    -0.0000567124    -0.0000294628
9 H    -0.0000063339    -0.0000980217     0.0000884514
10 H    -0.0000007228     0.0000433934     0.0000136614
11 H     0.0000135319    -0.0000670608     0.0000208940
12 H    -0.0001023975     0.0000004353    -0.0000179202
13 H     0.0000466839     0.0000953086    -0.0000280772
14 H     0.0000563284    -0.0000804659    -0.0000229850
15 S    -0.0000223792     0.0000227938     0.0000979557
----------------------------------------------
cycle 6: E = -669.890141103  dE = 1.42853e-06  norm(grad) = 0.000935685

Geometry optimization cycle 7
Cartesian coordinates (Angstrom)
 Atom        New coordinates             dX        dY        dZ
   C   0.013128  -0.051097   0.915888   -0.000192  0.000529 -0.000496
   C   0.008906   1.178915   0.259095   -0.000166  0.001015  0.000533
   C  -0.008188  -1.151935  -1.229654   -0.000047 -0.000977 -0.000454
   C  -0.005338   1.230800  -1.127867   -0.000003 -0.000770  0.000529
   C  -0.017012   0.070010  -1.901541   -0.000021 -0.000619  0.000315
   C   0.005618  -1.219873   0.157573   -0.000181  0.000438 -0.000451
   C  -0.064037   0.134544  -3.405360    0.000006 -0.000104  0.000388
   H  -0.004435   2.197669  -1.615760    0.000203 -0.001144  0.000164
   H  -0.009721  -2.073807  -1.798148    0.000182 -0.000970 -0.000201
   H   0.014092  -2.186154   0.643826    0.000036  0.000846 -0.000020
   H   0.020688   2.098087   0.829914   -0.000039  0.001000  0.000294
   H   0.047481  -1.378773   2.866897    0.000066  0.000142 -0.000939
   H  -1.095204   0.165305  -3.766938    0.000200  0.000094  0.000313
   H   0.438024   1.026168  -3.780938   -0.000053 -0.000157  0.000641
   H   0.412299  -0.736125  -3.855914   -0.000162  0.000187  0.000018
   S   0.033490  -0.046021   2.697408    0.000105  0.000043 -0.000686
converged SCF energy = -669.890143233066
--------------- RKS_Scanner gradients ---------------
         x                y                z
0 C     0.0000089329    -0.0000025600     0.0000312303
1 C     0.0000040882    -0.0000158903    -0.0000064530
2 C    -0.0000063348    -0.0000160951     0.0000000412
3 C     0.0000042550     0.0000233592    -0.0000147743
4 C     0.0000004102     0.0000099898     0.0000141853
5 C    -0.0000086211     0.0000029949    -0.0000190891
6 C     0.0000015374     0.0000036016     0.0000087783
7 H     0.0000003359     0.0000052927     0.0000017977
8 H     0.0000007423     0.0000002543    -0.0000033452
9 H     0.0000001237     0.0000011506    -0.0000002779
10 H     0.0000028229    -0.0000035374     0.0000002926
11 H     0.0000134697    -0.0000029297    -0.0000002701
12 H    -0.0000004349    -0.0000016913    -0.0000010269
13 H    -0.0000063194     0.0000067510     0.0000011036
14 H     0.0000038916     0.0000073594    -0.0000014159
15 S    -0.0000167730    -0.0000021007    -0.0000083012
----------------------------------------------
cycle 7: E = -669.890143233  dE = -2.1296e-06  norm(grad) = 6.37735e-05

Geometry optimization cycle 8
Cartesian coordinates (Angstrom)
 Atom        New coordinates             dX        dY        dZ
   C   0.013181  -0.050887   0.915851    0.000053  0.000210 -0.000037
   C   0.008872   1.179019   0.258871   -0.000034  0.000104 -0.000225
   C  -0.008126  -1.152122  -1.229407    0.000061 -0.000187  0.000247
   C  -0.005378   1.230477  -1.128106   -0.000040 -0.000323 -0.000239
   C  -0.017012   0.069607  -1.901661    0.000000 -0.000403 -0.000120
   C   0.005728  -1.219848   0.157838    0.000110  0.000025  0.000265
   C  -0.064055   0.133848  -3.405506   -0.000018 -0.000697 -0.000146
   H  -0.004545   2.197239  -1.616204   -0.000111 -0.000430 -0.000443
   H  -0.009636  -2.074122  -1.797687    0.000085 -0.000315  0.000461
   H   0.014282  -2.186040   0.644270    0.000190  0.000113  0.000444
   H   0.020570   2.098326   0.829481   -0.000118  0.000239 -0.000433
   H   0.046779  -1.378217   2.867107   -0.000702  0.000556  0.000209
   H  -1.095225   0.164757  -3.767061   -0.000021 -0.000548 -0.000122
   H   0.438196   1.025289  -3.781266    0.000172 -0.000879 -0.000328
   H   0.412092  -0.737016  -3.855884   -0.000206 -0.000891  0.000030
   S   0.033683  -0.045483   2.697395    0.000194  0.000537 -0.000013
converged SCF energy = -669.890143274744
--------------- RKS_Scanner gradients ---------------
         x                y                z
0 C     0.0000078878    -0.0000009817    -0.0000191528
1 C     0.0000043313     0.0000241183     0.0000214488
2 C    -0.0000060862     0.0000365420     0.0000241918
3 C     0.0000047802    -0.0000375957     0.0000182338
4 C    -0.0000003565     0.0000089350    -0.0000417907
5 C    -0.0000073755    -0.0000266869     0.0000088124
6 C     0.0000004346     0.0000043602    -0.0000054055
7 H     0.0000000284    -0.0000035752     0.0000035448
8 H     0.0000009222     0.0000063438    -0.0000015762
9 H    -0.0000003314    -0.0000040467     0.0000008115
10 H     0.0000026316     0.0000016624     0.0000044148
11 H     0.0000128125    -0.0000033182    -0.0000024018
12 H    -0.0000017421    -0.0000018098    -0.0000009495
13 H    -0.0000052360     0.0000075020    -0.0000000440
14 H     0.0000050470     0.0000061836    -0.0000031492
15 S    -0.0000155663    -0.0000016298    -0.0000046221
----------------------------------------------
cycle 8: E = -669.890143275  dE = -4.16779e-08  norm(grad) = 9.30754e-05
converged SCF energy = -669.890143274816
Dipole moment(X, Y, Z, Debye): -0.04263, -0.66471, -1.30104
