
Geometry optimization cycle 1
Cartesian coordinates (Angstrom)
 Atom        New coordinates             dX        dY        dZ
   C   7.907542  -0.022064  17.282106    0.000000  0.000000  0.000000
   C   8.952610   0.588314  17.990846    0.000000  0.000000  0.000000
   C   6.861085  -0.593277  19.391541    0.000000  0.000000  0.000000
   C   8.937595   0.604842  19.384444    0.000000  0.000000  0.000000
   C   7.893693   0.019162  20.113752    0.000000 -0.000000  0.000000
   C   6.861098  -0.618805  17.997371    0.000000  0.000000  0.000000
   C   7.895200   0.027896  21.619725    0.000000  0.000000  0.000000
   H   9.759222   1.091640  19.917612    0.000000  0.000000  0.000000
   H   6.030672  -1.060277  19.928917    0.000000  0.000000  0.000000
   H   6.038253  -1.100830  17.464480    0.000000  0.000000  0.000000
   H   9.777783   1.058528  17.450218    0.000000  0.000000  0.000000
   H   6.815854  -0.644444  15.301143    0.000000  0.000000  0.000000
   H   8.432386  -0.847639  22.023133    0.000000  0.000000  0.000000
   H   8.392703   0.926560  22.014024    0.000000  0.000000  0.000000
   H   6.871575  -0.001498  22.021591    0.000000  0.000000  0.000000
   S   7.973913   0.014377  15.516546    0.000000  0.000000  0.000000
converged SCF energy = -669.88929579874
--------------- RKS_Scanner gradients ---------------
         x                y                z
0 C    -0.0004544122    -0.0003814003    -0.0106427019
1 C     0.0002914752     0.0000195464     0.0000427577
2 C     0.0007235737     0.0003179139    -0.0005464378
3 C    -0.0007515002    -0.0005787558    -0.0002928169
4 C    -0.0000243763     0.0001891156     0.0049175045
5 C    -0.0000539427    -0.0001449302     0.0006449466
6 C    -0.0002805512     0.0003383217    -0.0056743374
7 H     0.0053626223     0.0030743937     0.0035145150
8 H    -0.0053715884    -0.0031384398     0.0034595804
9 H    -0.0051597473    -0.0031261054    -0.0036779121
10 H     0.0054264852     0.0030064991    -0.0036056981
11 H    -0.0026986737    -0.0014851232     0.0002727306
12 H     0.0031592489    -0.0050919957     0.0021019740
13 H     0.0030904534     0.0053109043     0.0020473074
14 H    -0.0061012386    -0.0002612728     0.0021031364
15 S     0.0028396311     0.0019527932     0.0053257847
----------------------------------------------
cycle 1: E = -669.889295799  dE = -669.889  norm(grad) = 0.023433

Geometry optimization cycle 2
Cartesian coordinates (Angstrom)
 Atom        New coordinates             dX        dY        dZ
   C   7.904565  -0.021390  17.284030   -0.002977  0.000673  0.001924
   C   8.937128   0.587204  17.997499   -0.015483 -0.001110  0.006653
   C   6.865560  -0.580116  19.392154    0.004475  0.013162  0.000612
   C   8.926180   0.606840  19.384281   -0.011416  0.001999 -0.000163
   C   7.892773   0.022790  20.115989   -0.000920  0.003627  0.002237
   C   6.865138  -0.606637  18.004405    0.004040  0.012168  0.007034
   C   7.899678   0.022109  21.621002    0.004478 -0.005787  0.001277
   H   9.741463   1.090484  19.907630   -0.017759 -0.001156 -0.009982
   H   6.041546  -1.040792  19.922603    0.010875  0.019485 -0.006315
   H   6.047158  -1.084314  17.482284    0.008905  0.016516  0.017804
   H   9.755291   1.052778  17.464395   -0.022492 -0.005750  0.014177
   H   6.831887  -0.659203  15.278107    0.016033 -0.014759 -0.023035
   H   8.432226  -0.847803  22.015148   -0.000160 -0.000163 -0.007984
   H   8.393503   0.909467  22.017268    0.000801 -0.017093  0.003244
   H   6.887418  -0.008376  22.023944    0.015843 -0.006878  0.002353
   S   7.980102  -0.000803  15.508348    0.006189 -0.015181 -0.008198
converged SCF energy = -669.890056815006
--------------- RKS_Scanner gradients ---------------
         x                y                z
0 C     0.0004022830     0.0000237968    -0.0048974742
1 C    -0.0017069225    -0.0009058906     0.0026908009
2 C     0.0008725208     0.0005942030    -0.0012808271
3 C    -0.0003855408    -0.0001474918    -0.0009572290
4 C    -0.0000495430    -0.0000151955     0.0014275585
5 C     0.0011805200     0.0007742124     0.0023554380
6 C    -0.0000774056     0.0001595804    -0.0005213026
7 H    -0.0002351749    -0.0001950435     0.0002080611
8 H     0.0003112878     0.0001226441     0.0001096397
9 H     0.0004353073     0.0001639476    -0.0001754721
10 H    -0.0004156084    -0.0003095074    -0.0000712481
11 H     0.0001378342     0.0000941772    -0.0004803759
12 H     0.0000456057    -0.0000631081     0.0002746920
13 H     0.0000191188    -0.0000538824     0.0001081480
14 H     0.0000487415    -0.0000220676     0.0000983619
15 S    -0.0005860788    -0.0002194097     0.0011023361
----------------------------------------------
cycle 2: E = -669.890056815  dE = -0.000761016  norm(grad) = 0.00718363

Geometry optimization cycle 3
Cartesian coordinates (Angstrom)
 Atom        New coordinates             dX        dY        dZ
   C   7.905581  -0.019292  17.304464    0.001016  0.002098  0.020434
   C   8.947326   0.595678  17.996684    0.010198  0.008474 -0.000816
   C   6.856725  -0.582033  19.392952   -0.008834 -0.001917  0.000798
   C   8.928618   0.610846  19.382546    0.002439  0.004006 -0.001735
   C   7.890887   0.022735  20.104545   -0.001885 -0.000054 -0.011444
   C   6.856451  -0.608333  18.005998   -0.008687 -0.001696  0.001593
   C   7.900441   0.019589  21.609433    0.000763 -0.002519 -0.011569
   H   9.739811   1.093104  19.910162   -0.001651  0.002620  0.002532
   H   6.034809  -1.039902  19.925970   -0.006737  0.000889  0.003367
   H   6.041371  -1.082991  17.479483   -0.005788  0.001323 -0.002801
   H   9.762715   1.060094  17.460941    0.007424  0.007316 -0.003454
   H   6.836269  -0.665750  15.303499    0.004382 -0.006547  0.025391
   H   8.432805  -0.849948  21.999235    0.000579 -0.002145 -0.015913
   H   8.394195   0.904954  22.005513    0.000692 -0.004513 -0.011755
   H   6.890368  -0.011404  22.013237    0.002950 -0.003028 -0.010707
   S   7.983777  -0.005299  15.526050    0.003675 -0.004496  0.017702
converged SCF energy = -669.889990755182
--------------- RKS_Scanner gradients ---------------
         x                y                z
0 C     0.0000060720     0.0000488505     0.0047389845
1 C     0.0031294764     0.0018375193    -0.0018150947
2 C    -0.0009682196    -0.0004629830     0.0006145504
3 C    -0.0002180998    -0.0000509770    -0.0001204989
4 C     0.0001219031    -0.0001264463    -0.0025773021
5 C    -0.0020975017    -0.0011427454    -0.0010122056
6 C    -0.0000818884    -0.0000479766    -0.0000378734
7 H    -0.0007340860    -0.0004724736    -0.0010030981
8 H     0.0006761841     0.0003576492    -0.0008186591
9 H     0.0004726233     0.0002454880     0.0007259372
10 H    -0.0003893610    -0.0002461868     0.0006413232
11 H     0.0003722886     0.0002254532     0.0002300347
12 H    -0.0005459924     0.0008797664    -0.0003287233
13 H    -0.0004914937    -0.0009091941    -0.0004231496
14 H     0.0010325809     0.0000214710    -0.0003993830
15 S    -0.0002885875    -0.0001568151     0.0015748028
----------------------------------------------
cycle 3: E = -669.889990755  dE = 6.60598e-05  norm(grad) = 0.00805447

Geometry optimization cycle 4
Cartesian coordinates (Angstrom)
 Atom        New coordinates             dX        dY        dZ
   C   7.904587  -0.020125  17.293573   -0.000994 -0.000833 -0.010891
   C   8.941583   0.592213  17.996673   -0.005743 -0.003465 -0.000011
   C   6.860496  -0.580155  19.392589    0.003770  0.001878 -0.000362
   C   8.928107   0.610396  19.384235   -0.000511 -0.000450  0.001689
   C   7.892014   0.023396  20.110916    0.001127  0.000660  0.006371
   C   6.859504  -0.606848  18.004009    0.003053  0.001485 -0.001989
   C   7.900627   0.019968  21.616631    0.000186  0.000378  0.007199
   H   9.741836   1.094161  19.909599    0.002025  0.001057 -0.000563
   H   6.036744  -1.039092  19.924657    0.001935  0.000810 -0.001313
   H   6.041995  -1.082748  17.479868    0.000624  0.000243  0.000385
   H   9.758527   1.057689  17.461821   -0.004189 -0.002405  0.000879
   H   6.835468  -0.665963  15.291364   -0.000801 -0.000213 -0.012135
   H   8.433501  -0.850776  22.006714    0.000696 -0.000828  0.007478
   H   8.394735   0.906369  22.013649    0.000540  0.001415  0.008136
   H   6.889013  -0.011244  22.020171   -0.001355  0.000159  0.006934
   S   7.983539  -0.005198  15.514550   -0.000238  0.000101 -0.011500
converged SCF energy = -669.890130609214
--------------- RKS_Scanner gradients ---------------
         x                y                z
0 C    -0.0000158033    -0.0000430147     0.0002454087
1 C     0.0004101587     0.0002778495    -0.0001969209
2 C    -0.0001507945    -0.0000153318     0.0000779539
3 C     0.0001668434     0.0001666994     0.0001582446
4 C     0.0000614214    -0.0000891642    -0.0003220839
5 C    -0.0005348415    -0.0002481301    -0.0001822594
6 C     0.0000017236     0.0000140419    -0.0000686936
7 H    -0.0001171464    -0.0000939824    -0.0001403864
8 H     0.0001496311     0.0000723269    -0.0001581203
9 H     0.0001384825     0.0000497960     0.0000930334
10 H    -0.0001245485    -0.0000957923     0.0001342762
11 H     0.0001012233     0.0000670524     0.0000201541
12 H    -0.0001184033     0.0001860842    -0.0000156138
13 H    -0.0000980547    -0.0001962452    -0.0000459272
14 H     0.0002188431     0.0000056483    -0.0000525465
15 S    -0.0000923025    -0.0000573053     0.0004438199
----------------------------------------------
cycle 4: E = -669.890130609  dE = -0.000139854  norm(grad) = 0.00122439

Geometry optimization cycle 5
Cartesian coordinates (Angstrom)
 Atom        New coordinates             dX        dY        dZ
   C   7.905350  -0.019857  17.291738    0.000763  0.000268 -0.001835
   C   8.941884   0.592030  17.995746    0.000301 -0.000183 -0.000927
   C   6.860563  -0.580733  19.393405    0.000067 -0.000578  0.000816
   C   8.926706   0.609293  19.383518   -0.001402 -0.001104 -0.000717
   C   7.891448   0.023164  20.112352   -0.000566 -0.000232  0.001436
   C   6.861678  -0.606206  18.004586    0.002173  0.000642  0.000578
   C   7.900654   0.020254  21.618259    0.000027  0.000287  0.001628
   H   9.740517   1.093527  19.908952   -0.001319 -0.000634 -0.000647
   H   6.036035  -1.039974  19.924763   -0.000710 -0.000882  0.000106
   H   6.043602  -1.081935  17.480528    0.001607  0.000813  0.000660
   H   9.759364   1.058309  17.461643    0.000837  0.000620 -0.000178
   H   6.834432  -0.666410  15.290337   -0.001036 -0.000447 -0.001027
   H   8.434146  -0.850688  22.008015    0.000646  0.000088  0.001301
   H   8.394972   0.907258  22.014648    0.000237  0.000889  0.000999
   H   6.888800  -0.011074  22.022167   -0.000213  0.000171  0.001995
   S   7.982739  -0.005011  15.512031   -0.000800  0.000187 -0.002519
converged SCF energy = -669.890131017289
--------------- RKS_Scanner gradients ---------------
         x                y                z
0 C    -0.0000379631    -0.0000258755    -0.0002225961
1 C     0.0003475473     0.0002017224    -0.0001542288
2 C    -0.0002697641    -0.0001442482     0.0001311945
3 C    -0.0004646430    -0.0002641763    -0.0002957301
4 C     0.0000513126     0.0000061814     0.0002013033
5 C     0.0003780146     0.0002323672     0.0002783767
6 C    -0.0000581254    -0.0000187451    -0.0000217679
7 H    -0.0000332915    -0.0000296800    -0.0000418822
8 H    -0.0000182024    -0.0000066753     0.0000665568
9 H     0.0000316771     0.0000171029     0.0000239198
10 H     0.0000299017     0.0000100248    -0.0000809730
11 H    -0.0000094726     0.0000034520    -0.0000023982
12 H     0.0000026602    -0.0000145037     0.0000203634
13 H     0.0000095431     0.0000111033     0.0000079835
14 H    -0.0000126748     0.0000017649     0.0000297353
15 S     0.0000498975     0.0000205651     0.0000506002
----------------------------------------------
cycle 5: E = -669.890131017  dE = -4.08075e-07  norm(grad) = 0.00103351

Geometry optimization cycle 6
Cartesian coordinates (Angstrom)
 Atom        New coordinates             dX        dY        dZ
   C   7.904664  -0.020278  17.291877   -0.000686 -0.000421  0.000139
   C   8.940747   0.591383  17.996802   -0.001137 -0.000646  0.001056
   C   6.861760  -0.580226  19.392760    0.001197  0.000507 -0.000646
   C   8.928068   0.610117  19.384615    0.001362  0.000824  0.001096
   C   7.892275   0.023691  20.112382    0.000827  0.000528  0.000030
   C   6.860750  -0.606937  18.003926   -0.000928 -0.000731 -0.000660
   C   7.900690   0.020289  21.618333    0.000036  0.000035  0.000074
   H   9.742155   1.094669  19.909614    0.001638  0.001142  0.000662
   H   6.037403  -1.039340  19.924656    0.001369  0.000634 -0.000107
   H   6.042239  -1.082796  17.480392   -0.001363 -0.000861 -0.000136
   H   9.757975   1.057668  17.462175   -0.001388 -0.000641  0.000531
   H   6.834522  -0.666573  15.289774    0.000089 -0.000162 -0.000563
   H   8.434161  -0.850881  22.007862    0.000014 -0.000193 -0.000153
   H   8.394750   0.907328  22.015237   -0.000222  0.000071  0.000589
   H   6.888469  -0.011316  22.021564   -0.000331 -0.000242 -0.000603
   S   7.982691  -0.004907  15.511880   -0.000048  0.000104 -0.000152
converged SCF energy = -669.890132872796
--------------- RKS_Scanner gradients ---------------
         x                y                z
0 C    -0.0000159594    -0.0000014964    -0.0001689854
1 C    -0.0002707209    -0.0001601277     0.0001806368
2 C     0.0001866834     0.0000971527    -0.0001236841
3 C     0.0000920709     0.0000475031     0.0000391523
4 C    -0.0000132761    -0.0000105893     0.0000971706
5 C     0.0000270612     0.0000109920     0.0000133714
6 C     0.0000134340     0.0000155018    -0.0000350630
7 H     0.0000653376     0.0000346627     0.0000724975
8 H    -0.0000471693    -0.0000199677     0.0000310935
9 H    -0.0000617363    -0.0000293856    -0.0000669821
10 H     0.0000394491     0.0000219810    -0.0000284456
11 H    -0.0000459769    -0.0000179781    -0.0000219276
12 H     0.0000381818    -0.0000720561     0.0000149427
13 H     0.0000421306     0.0000716613     0.0000265986
14 H    -0.0000867973     0.0000030560     0.0000206635
15 S     0.0000338131     0.0000095488    -0.0000606647
----------------------------------------------
cycle 6: E = -669.890132873  dE = -1.85551e-06  norm(grad) = 0.000548872

Geometry optimization cycle 7
Cartesian coordinates (Angstrom)
 Atom        New coordinates             dX        dY        dZ
   C   7.904800  -0.020137  17.292484    0.000136  0.000141  0.000608
   C   8.941181   0.591848  17.996636    0.000434  0.000464 -0.000166
   C   6.861176  -0.580397  19.393071   -0.000584 -0.000170  0.000312
   C   8.927827   0.610225  19.384384   -0.000241  0.000108 -0.000230
   C   7.892052   0.023626  20.112018   -0.000223 -0.000065 -0.000364
   C   6.860704  -0.606834  18.004292   -0.000046  0.000103  0.000366
   C   7.900840   0.020204  21.617929    0.000150 -0.000085 -0.000404
   H   9.741689   1.094626  19.909560   -0.000466 -0.000043 -0.000054
   H   6.036986  -1.039519  19.924938   -0.000417 -0.000179  0.000282
   H   6.042524  -1.082668  17.480550    0.000285  0.000128  0.000158
   H   9.758314   1.057994  17.462039    0.000339  0.000326 -0.000135
   H   6.834780  -0.666967  15.290692    0.000258 -0.000394  0.000918
   H   8.434371  -0.850744  22.007446    0.000211  0.000137 -0.000416
   H   8.394832   0.907127  22.014739    0.000082 -0.000201 -0.000498
   H   6.888905  -0.011473  22.021436    0.000436 -0.000157 -0.000127
   S   7.982697  -0.005062  15.512625    0.000006 -0.000155  0.000745
converged SCF energy = -669.890133502856
--------------- RKS_Scanner gradients ---------------
         x                y                z
0 C    -0.0000094084    -0.0000055601    -0.0000064507
1 C     0.0000177512     0.0000125807    -0.0000005862
2 C    -0.0000509844    -0.0000195124     0.0000289211
3 C     0.0000444552     0.0000346888     0.0000289806
4 C     0.0000080297    -0.0000127295    -0.0000645389
5 C    -0.0000156244    -0.0000045838     0.0000004749
6 C    -0.0000015709     0.0000022349    -0.0000093356
7 H    -0.0000034000    -0.0000098645    -0.0000102925
8 H     0.0000051166     0.0000062064    -0.0000117700
9 H     0.0000124385     0.0000080181     0.0000087329
10 H    -0.0000114014    -0.0000122832     0.0000120729
11 H     0.0000058768     0.0000118581     0.0000003733
12 H    -0.0000147459     0.0000146376    -0.0000014526
13 H    -0.0000068153    -0.0000196448    -0.0000060706
14 H     0.0000184444     0.0000041220    -0.0000068464
15 S    -0.0000016847    -0.0000097299     0.0000281633
----------------------------------------------
cycle 7: E = -669.890133503  dE = -6.3006e-07  norm(grad) = 0.000129366
converged SCF energy = -669.890133503006
Dipole moment(X, Y, Z, Debye): -0.61168, -0.36787,  1.27452
