
Geometry optimization cycle 1
Cartesian coordinates (Angstrom)
 Atom        New coordinates             dX        dY        dZ
   C  -0.005606   0.012802   0.932452    0.000000  0.000000  0.000000
   C   0.011725   1.212113   0.207841    0.000000  0.000000  0.000000
   C   0.027069  -1.215579  -1.163647    0.000000  0.000000  0.000000
   C   0.025878   1.202510  -1.184379    0.000000  0.000000  0.000000
   C   0.028850  -0.012782  -1.893450    0.000000  0.000000  0.000000
   C   0.012458  -1.198883   0.227511    0.000000  0.000000  0.000000
   H   0.029590   2.147811  -1.734418    0.000000  0.000000  0.000000
   H   0.032584  -2.170804  -1.696509    0.000000  0.000000  0.000000
   H   0.009012  -2.139341   0.782523    0.000000  0.000000  0.000000
   H   0.007924   2.162858   0.744992    0.000000  0.000000  0.000000
   H  -1.348720   0.020753   2.892549    0.000000  0.000000  0.000000
   H   0.286307   0.815471  -3.758149    0.000000  0.000000  0.000000
   H   0.282573  -0.879828  -3.739611    0.000000  0.000000  0.000000
   N  -0.022812  -0.026357  -3.282873    0.000000  0.000000  0.000000
   S  -0.005606   0.012802   2.715519    0.000000  0.000000 -0.000000
converged SCF energy = -685.939459011499
--------------- RKS_Scanner gradients ---------------
         x                y                z
0 C     0.0002129816     0.0011850120     0.0098121172
1 C     0.0000758544    -0.0001243948    -0.0003462165
2 C    -0.0000229849     0.0005748770     0.0003973444
3 C     0.0000105153    -0.0006672871     0.0002474719
4 C    -0.0000715791    -0.0000521329    -0.0034937719
5 C     0.0000660670     0.0002066790    -0.0002760276
6 H     0.0000520091     0.0061121854    -0.0036559659
7 H     0.0000954169    -0.0062638007    -0.0035469806
8 H    -0.0002187078    -0.0062210093     0.0039425871
9 H    -0.0002094712     0.0062721281     0.0037573729
10 H    -0.0032083136    -0.0000167902    -0.0004197908
11 H     0.0018521257     0.0065619382    -0.0035628063
12 H     0.0018215102    -0.0067634468    -0.0033572392
13 N    -0.0037828245     0.0000422463     0.0047667883
14 S     0.0033317458    -0.0008478657    -0.0042918025
----------------------------------------------
cycle 1: E = -685.939459011  dE = -685.939  norm(grad) = 0.0227773

Geometry optimization cycle 2
Cartesian coordinates (Angstrom)
 Atom        New coordinates             dX        dY        dZ
   C  -0.016720   0.008629   0.928351   -0.011114 -0.004173 -0.004101
   C   0.000567   1.196072   0.198759   -0.011157 -0.016041 -0.009082
   C   0.019275  -1.206180  -1.165642   -0.007794  0.009399 -0.001995
   C   0.017021   1.192158  -1.186187   -0.008857 -0.010352 -0.001808
   C   0.024478  -0.012971  -1.897036   -0.004371 -0.000189 -0.003586
   C   0.002474  -1.192003   0.219066   -0.009985  0.006880 -0.008445
   H   0.023364   2.130682  -1.726034   -0.006226 -0.017129  0.008384
   H   0.027787  -2.152612  -1.691479   -0.004797  0.018192  0.005029
   H   0.004951  -2.125858   0.763069   -0.004061  0.013483 -0.019454
   H   0.001679   2.138598   0.727719   -0.006245 -0.024260 -0.017272
   H  -1.327637   0.031043   2.929775    0.021083  0.010291  0.037226
   H   0.302966   0.809218  -3.748390    0.016659 -0.006253  0.009758
   H   0.301064  -0.867917  -3.733199    0.018491  0.011911  0.006412
   N  -0.014888  -0.024858  -3.284466    0.007924  0.001499 -0.001593
   S   0.004154   0.019809   2.720322    0.009760  0.007007  0.004802
converged SCF energy = -685.940200826891
--------------- RKS_Scanner gradients ---------------
         x                y                z
0 C     0.0006805028     0.0008018257     0.0041175969
1 C    -0.0000554235    -0.0025616340    -0.0025087678
2 C    -0.0001019509     0.0008654891     0.0012634934
3 C    -0.0000703529    -0.0000383669     0.0007746649
4 C     0.0000371705    -0.0000193300    -0.0017441370
5 C    -0.0000532508     0.0010188664    -0.0021138068
6 H     0.0000437370    -0.0002949435    -0.0002241200
7 H     0.0000528793     0.0003500884    -0.0001354110
8 H     0.0000562113     0.0005295861     0.0001739617
9 H     0.0000463616    -0.0005322717     0.0000494023
10 H     0.0000036204    -0.0000010254     0.0003715461
11 H    -0.0000972921    -0.0002263908     0.0001326485
12 H    -0.0001124797     0.0002092407     0.0002000957
13 N     0.0001304713     0.0001280491     0.0002202417
14 S    -0.0005543410    -0.0002293342    -0.0006055361
----------------------------------------------
cycle 2: E = -685.940200827  dE = -0.000741815  norm(grad) = 0.00666639

Geometry optimization cycle 3
Cartesian coordinates (Angstrom)
 Atom        New coordinates             dX        dY        dZ
   C  -0.019425   0.009193   0.909998   -0.002705  0.000564 -0.018353
   C  -0.003536   1.208805   0.201557   -0.004103  0.012733  0.002798
   C   0.016041  -1.214959  -1.166839   -0.003234 -0.008779 -0.001196
   C   0.013411   1.194003  -1.182456   -0.003610  0.001845  0.003730
   C   0.022428  -0.015084  -1.886256   -0.002050 -0.002113  0.010780
   C  -0.001469  -1.200211   0.217094   -0.003943 -0.008208 -0.001973
   H   0.019832   2.128635  -1.726044   -0.003532 -0.002047 -0.000010
   H   0.024545  -2.158610  -1.694827   -0.003242 -0.005997 -0.003347
   H   0.001462  -2.130668   0.764448   -0.003489 -0.004810  0.001379
   H  -0.001850   2.148808   0.732693   -0.003529  0.010210  0.004974
   H  -1.316740   0.032667   2.917352    0.010897  0.001623 -0.012423
   H   0.307488   0.809764  -3.734094    0.004522  0.000547  0.014296
   H   0.306533  -0.864908  -3.722934    0.005469  0.003009  0.010265
   N  -0.012355  -0.024356  -3.274014    0.002533  0.000502  0.010453
   S   0.013232   0.020793   2.703600    0.009078  0.000983 -0.016722
converged SCF energy = -685.940130587664
--------------- RKS_Scanner gradients ---------------
         x                y                z
0 C     0.0003219460     0.0001987143    -0.0046690003
1 C    -0.0001988566     0.0039427475     0.0018482776
2 C     0.0000426211    -0.0010400198    -0.0004161282
3 C     0.0000111215    -0.0008630116     0.0004129864
4 C    -0.0001221650     0.0002476133     0.0014152876
5 C    -0.0001869793    -0.0024364131     0.0007957292
6 H     0.0000288242    -0.0008622815     0.0009942517
7 H     0.0000300752     0.0007369065     0.0007026522
8 H     0.0000548406     0.0004870885    -0.0007571499
9 H     0.0000448110    -0.0003284974    -0.0005260629
10 H     0.0004708107     0.0000054639    -0.0000943256
11 H    -0.0003576104    -0.0010372938     0.0006553500
12 H    -0.0003893867     0.0010223414     0.0005891892
13 N     0.0007656537    -0.0001367710     0.0006012590
14 S    -0.0005096181     0.0000637672    -0.0015799132
----------------------------------------------
cycle 3: E = -685.940130588  dE = 7.02392e-05  norm(grad) = 0.00793122

Geometry optimization cycle 4
Cartesian coordinates (Angstrom)
 Atom        New coordinates             dX        dY        dZ
   C  -0.019799   0.007998   0.919807   -0.000374 -0.001195  0.009810
   C  -0.003507   1.202077   0.200698    0.000029 -0.006728 -0.000859
   C   0.016289  -1.210916  -1.166319    0.000248  0.004043  0.000520
   C   0.013656   1.194256  -1.184945    0.000245  0.000252 -0.002489
   C   0.022830  -0.013768  -1.892020    0.000402  0.001316 -0.005764
   C  -0.001427  -1.197222   0.219147    0.000042  0.002989  0.002054
   H   0.020034   2.131686  -1.726422    0.000202  0.003051 -0.000378
   H   0.024800  -2.156496  -1.693369    0.000255  0.002113  0.001457
   H   0.001383  -2.130209   0.764446   -0.000079  0.000459 -0.000003
   H  -0.001978   2.143612   0.731144   -0.000128 -0.005196 -0.001549
   H  -1.318567   0.032860   2.926473   -0.001827  0.000193  0.009120
   H   0.308040   0.810082  -3.742518    0.000552  0.000317 -0.008424
   H   0.307205  -0.866518  -3.729427    0.000672 -0.001610 -0.006493
   N  -0.011849  -0.024504  -3.280786    0.000506 -0.000149 -0.006773
   S   0.012323   0.020920   2.714089   -0.000909  0.000128  0.010489
converged SCF energy = -685.940265643741
--------------- RKS_Scanner gradients ---------------
         x                y                z
0 C     0.0002348205     0.0001257919    -0.0004663887
1 C    -0.0001503701     0.0005738599     0.0002750923
2 C     0.0000304999    -0.0002257490     0.0000257855
3 C     0.0000233875     0.0000957851    -0.0001026748
4 C    -0.0001311342     0.0000919395     0.0001178708
5 C    -0.0001510291    -0.0006816560     0.0001488875
6 H     0.0000292192    -0.0001649505     0.0001540874
7 H     0.0000298787     0.0001841952     0.0001464003
8 H     0.0000514167     0.0001616009    -0.0001197328
9 H     0.0000428247    -0.0001449487    -0.0001355282
10 H     0.0001272008     0.0000049536    -0.0000116385
11 H    -0.0000810753    -0.0002043209     0.0000875982
12 H    -0.0001015742     0.0001951061     0.0000860194
13 N     0.0002376832     0.0000146585     0.0001480929
14 S    -0.0001856095    -0.0000259216    -0.0003816792
----------------------------------------------
cycle 4: E = -685.940265644  dE = -0.000135056  norm(grad) = 0.00138492

Geometry optimization cycle 5
Cartesian coordinates (Angstrom)
 Atom        New coordinates             dX        dY        dZ
   C  -0.020332   0.008408   0.922149   -0.000532  0.000410  0.002342
   C  -0.003322   1.201673   0.201672    0.000185 -0.000404  0.000973
   C   0.016476  -1.210934  -1.166840    0.000187 -0.000018 -0.000521
   C   0.013849   1.192813  -1.184193    0.000193 -0.001443  0.000752
   C   0.023378  -0.014259  -1.893173    0.000549 -0.000491 -0.001153
   C  -0.001316  -1.195236   0.218906    0.000112  0.001986 -0.000241
   H   0.019574   2.130688  -1.725550   -0.000460 -0.000999  0.000872
   H   0.024250  -2.157329  -1.693228   -0.000550 -0.000832  0.000141
   H   0.000567  -2.128809   0.763906   -0.000816  0.001400 -0.000540
   H  -0.002489   2.143982   0.731517   -0.000512  0.000370  0.000373
   H  -1.318744   0.032303   2.929291   -0.000177 -0.000557  0.002818
   H   0.308111   0.810648  -3.743491    0.000071  0.000566 -0.000973
   H   0.307909  -0.866399  -3.731106    0.000704  0.000119 -0.001679
   N  -0.011902  -0.024473  -3.282200   -0.000054  0.000031 -0.001414
   S   0.012416   0.020725   2.716902    0.000093 -0.000195  0.002813
converged SCF energy = -685.940267588606
--------------- RKS_Scanner gradients ---------------
         x                y                z
0 C     0.0000440507     0.0000414662     0.0002338738
1 C    -0.0000244393     0.0002583157     0.0001219747
2 C     0.0000109189    -0.0003186825    -0.0000705789
3 C    -0.0000107359    -0.0004220684     0.0002156128
4 C    -0.0000301048     0.0000932492    -0.0002074983
5 C    -0.0000200747     0.0004070336    -0.0003131706
6 H     0.0000024730    -0.0000374716     0.0000323624
7 H     0.0000047056    -0.0000174146    -0.0000723684
8 H     0.0000148933     0.0000401378    -0.0000182054
9 H     0.0000143841     0.0000145727     0.0000593570
10 H    -0.0000071074     0.0000064000     0.0000049153
11 H    -0.0000164683    -0.0000032116    -0.0000029653
12 H    -0.0000359929    -0.0000118198    -0.0000230021
13 N     0.0000766998    -0.0000590397     0.0000179398
14 S    -0.0000170714     0.0000088888    -0.0000061838
----------------------------------------------
cycle 5: E = -685.940267589  dE = -1.94486e-06  norm(grad) = 0.00090298

Geometry optimization cycle 6
Cartesian coordinates (Angstrom)
 Atom        New coordinates             dX        dY        dZ
   C  -0.020725   0.007311   0.922450   -0.000393 -0.001096  0.000301
   C  -0.003442   1.200081   0.200962   -0.000120 -0.001592 -0.000710
   C   0.016389  -1.209560  -1.165687   -0.000087  0.001373  0.001153
   C   0.013749   1.194389  -1.184951   -0.000100  0.001576 -0.000758
   C   0.023512  -0.013326  -1.892794    0.000134  0.000933  0.000380
   C  -0.001410  -1.196744   0.220201   -0.000094 -0.001508  0.001295
   H   0.019060   2.132746  -1.725830   -0.000514  0.002058 -0.000280
   H   0.023744  -2.155773  -1.692640   -0.000506  0.001556  0.000588
   H  -0.000076  -2.130907   0.764565   -0.000642 -0.002098  0.000660
   H  -0.003117   2.142185   0.731416   -0.000628 -0.001797 -0.000101
   H  -1.318309   0.032494   2.930156    0.000435  0.000191  0.000865
   H   0.308204   0.810614  -3.743528    0.000093 -0.000033 -0.000037
   H   0.308799  -0.866517  -3.730037    0.000890 -0.000118  0.001069
   N  -0.012009  -0.024408  -3.281938   -0.000107  0.000065  0.000262
   S   0.012904   0.021151   2.717446    0.000488  0.000425  0.000544
converged SCF energy = -685.940268217693
--------------- RKS_Scanner gradients ---------------
         x                y                z
0 C    -0.0000711821     0.0000085052     0.0001691690
1 C     0.0000474501    -0.0005160970    -0.0002374230
2 C    -0.0000066246     0.0003436468     0.0001567643
3 C    -0.0000108589     0.0002433791    -0.0001344904
4 C     0.0000213990    -0.0000568318    -0.0000876428
5 C     0.0000472702    -0.0000601474     0.0000452989
6 H    -0.0000113949     0.0001046685    -0.0001027664
7 H    -0.0000101069    -0.0000652505    -0.0000278584
8 H    -0.0000103049    -0.0000998557     0.0000962944
9 H    -0.0000062382     0.0000633896     0.0000228402
10 H    -0.0000610513     0.0000053740    -0.0000036690
11 H     0.0000054148     0.0000838302    -0.0000446538
12 H    -0.0000009606    -0.0000846068    -0.0000235296
13 N    -0.0000020775     0.0000499334     0.0000373244
14 S     0.0000754125    -0.0000195758     0.0001065199
----------------------------------------------
cycle 6: E = -685.940268218  dE = -6.29087e-07  norm(grad) = 0.00083109

Geometry optimization cycle 7
Cartesian coordinates (Angstrom)
 Atom        New coordinates             dX        dY        dZ
   C  -0.020646   0.007741   0.921980    0.000079  0.000430 -0.000470
   C  -0.003677   1.201047   0.201465   -0.000235  0.000966  0.000503
   C   0.016117  -1.210380  -1.165993   -0.000272 -0.000820 -0.000306
   C   0.013550   1.193924  -1.184362   -0.000200 -0.000465  0.000589
   C   0.023166  -0.013710  -1.892334   -0.000346 -0.000384  0.000459
   C  -0.001664  -1.196406   0.219788   -0.000254  0.000338 -0.000413
   H   0.019209   2.131908  -1.725532    0.000149 -0.000838  0.000298
   H   0.023753  -2.156495  -1.692796    0.000009 -0.000722 -0.000156
   H   0.000001  -2.130145   0.764479    0.000077  0.000762 -0.000087
   H  -0.003060   2.143045   0.731759    0.000057  0.000860  0.000342
   H  -1.318044   0.032082   2.929849    0.000265 -0.000411 -0.000307
   H   0.308369   0.810691  -3.742639    0.000165  0.000077  0.000889
   H   0.308900  -0.866158  -3.729744    0.000101  0.000359  0.000293
   N  -0.012019  -0.024338  -3.281440   -0.000009  0.000071  0.000497
   S   0.012987   0.020909   2.716820    0.000082 -0.000242 -0.000626
converged SCF energy = -685.940269529374
--------------- RKS_Scanner gradients ---------------
         x                y                z
0 C     0.0000140231     0.0000159278    -0.0000061740
1 C    -0.0000090433    -0.0000080926     0.0000045341
2 C     0.0000079184    -0.0000396378    -0.0000025365
3 C     0.0000000040     0.0000378309    -0.0000323829
4 C    -0.0000232981     0.0000090455    -0.0000021892
5 C    -0.0000059608    -0.0000201201    -0.0000088159
6 H     0.0000011003    -0.0000008548     0.0000014301
7 H     0.0000021633     0.0000029883     0.0000018793
8 H     0.0000020571     0.0000096003    -0.0000073700
9 H     0.0000032847    -0.0000066987    -0.0000130631
10 H     0.0000071254     0.0000054189    -0.0000032736
11 H    -0.0000169793    -0.0000127115     0.0000043867
12 H    -0.0000265111     0.0000071839     0.0000072346
13 N     0.0000595468     0.0000066703     0.0000368338
14 S    -0.0000092722    -0.0000061767    -0.0000083900
----------------------------------------------
cycle 7: E = -685.940269529  dE = -1.31168e-06  norm(grad) = 0.000113271

Geometry optimization cycle 8
Cartesian coordinates (Angstrom)
 Atom        New coordinates             dX        dY        dZ
   C  -0.020769   0.007701   0.922349   -0.000123 -0.000040  0.000369
   C  -0.003770   1.201045   0.201887   -0.000093 -0.000002  0.000422
   C   0.015979  -1.210218  -1.165697   -0.000138  0.000163  0.000296
   C   0.013463   1.193778  -1.183945   -0.000086 -0.000146  0.000417
   C   0.023091  -0.013681  -1.892220   -0.000075  0.000029  0.000115
   C  -0.001773  -1.196403   0.220106   -0.000109  0.000003  0.000319
   H   0.019107   2.131798  -1.725061   -0.000102 -0.000110  0.000471
   H   0.023539  -2.156352  -1.692476   -0.000214  0.000143  0.000320
   H  -0.000150  -2.130206   0.764723   -0.000151 -0.000061  0.000244
   H  -0.003187   2.143061   0.732184   -0.000127  0.000015  0.000426
   H  -1.318033   0.031668   2.930329    0.000011 -0.000414  0.000480
   H   0.308376   0.810840  -3.742425    0.000007  0.000149  0.000214
   H   0.309210  -0.865950  -3.729636    0.000310  0.000208  0.000109
   N  -0.012159  -0.024246  -3.281385   -0.000141  0.000092  0.000055
   S   0.012996   0.020819   2.717198    0.000010 -0.000090  0.000378
converged SCF energy = -685.940269539548
--------------- RKS_Scanner gradients ---------------
         x                y                z
0 C     0.0000037201     0.0000056476    -0.0000260934
1 C    -0.0000027271     0.0000408500     0.0000197241
2 C     0.0000037048     0.0000470917     0.0000428838
3 C    -0.0000018713    -0.0000523444     0.0000379309
4 C    -0.0000123688    -0.0000001445    -0.0001007992
5 C     0.0000014489    -0.0000392383     0.0000108368
6 H    -0.0000002848    -0.0000104202     0.0000003677
7 H     0.0000003127     0.0000096504     0.0000003488
8 H     0.0000002559    -0.0000028611     0.0000030413
9 H     0.0000011848     0.0000038944     0.0000008639
10 H     0.0000007119     0.0000051858    -0.0000018381
11 H    -0.0000110801    -0.0000061438    -0.0000023796
12 H    -0.0000179439     0.0000005428    -0.0000012899
13 N     0.0000414395     0.0000038129    -0.0000023294
14 S    -0.0000003397    -0.0000051654    -0.0000091250
----------------------------------------------
cycle 8: E = -685.94026954  dE = -1.01743e-08  norm(grad) = 0.000160069
converged SCF energy = -685.940269539681
Dipole moment(X, Y, Z, Debye):  0.17062, -0.01803, -3.13027
