
Geometry optimization cycle 1
Cartesian coordinates (Angstrom)
 Atom        New coordinates             dX        dY        dZ
   C   7.936946  -0.004536  17.277323   -0.000000  0.000000  0.000000
   C   8.933361   0.648008  18.016722    0.000000  0.000000  0.000000
   C   6.862376  -0.645761  19.359175    0.000000  0.000000  0.000000
   C   8.907607   0.643136  19.408041    0.000000  0.000000  0.000000
   C   7.870498  -0.006143  20.102988   -0.000000  0.000000  0.000000
   C   6.897806  -0.642636  17.967768    0.000000  0.000000  0.000000
   H   9.697109   1.152209  19.968438    0.000000 -0.000000  0.000000
   H   6.045937  -1.153887  19.879995    0.000000  0.000000  0.000000
   H   6.109974  -1.144206  17.402401    0.000000  0.000000  0.000000
   H   9.737411   1.165879  17.490003    0.000000 -0.000000  0.000000
   H   8.765620  -1.008638  15.287622    0.000000  0.000000  0.000000
   H   8.418414   0.648144  21.971775    0.000000  0.000000  0.000000
   H   6.979994  -0.247564  21.939658    0.000000  0.000000  0.000000
   N   7.872348  -0.061080  21.492760    0.000000  0.000000  0.000000
   S   7.940356   0.045610  15.494817    0.000000  0.000000  0.000000
converged SCF energy = -685.939494126285
--------------- RKS_Scanner gradients ---------------
         x                y                z
0 C     0.0006067548    -0.0006865419    -0.0097873089
1 C    -0.0001576819    -0.0000667690     0.0004223603
2 C     0.0005467211     0.0004447641    -0.0004171005
3 C    -0.0003708590    -0.0004576188    -0.0003646847
4 C    -0.0000312336     0.0000355671     0.0035505733
5 C    -0.0000714061     0.0001549859     0.0005121209
6 H     0.0051038229     0.0034814539     0.0037386554
7 H    -0.0053615607    -0.0032486141     0.0033084116
8 H    -0.0049883719    -0.0033306760    -0.0039430285
9 H     0.0052334131     0.0033102713    -0.0036788884
10 H     0.0020227169    -0.0025170143     0.0003691939
11 H     0.0046563963     0.0051816177     0.0034889690
12 H    -0.0068507332    -0.0019110888     0.0033487366
13 N     0.0021522079    -0.0033622258    -0.0047447847
14 S    -0.0024887711     0.0029748582     0.0041912023
----------------------------------------------
cycle 1: E = -685.939494126  dE = -685.939  norm(grad) = 0.0228213

Geometry optimization cycle 2
Cartesian coordinates (Angstrom)
 Atom        New coordinates             dX        dY        dZ
   C   7.938460  -0.004953  17.280986    0.001513 -0.000417  0.003664
   C   8.925909   0.641189  18.023882   -0.007452 -0.006819  0.007159
   C   6.872397  -0.643921  19.360315    0.010021  0.001840  0.001140
   C   8.900282   0.635870  19.408394   -0.007325 -0.007265  0.000353
   C   7.871327  -0.007924  20.105192    0.000829 -0.001781  0.002204
   C   6.908959  -0.638241  17.975546    0.011153  0.004395  0.007778
   H   9.683912   1.139003  19.960753   -0.013196 -0.013206 -0.007684
   H   6.063588  -1.148648  19.873505    0.017651  0.005239 -0.006490
   H   6.126200  -1.134463  17.419558    0.016225  0.009743  0.017157
   H   9.723662   1.155584  17.506979   -0.013750 -0.010294  0.016975
   H   8.758732  -1.004178  15.265586   -0.006888  0.004460 -0.022036
   H   8.405168   0.650646  21.965001   -0.013246  0.002502 -0.006773
   H   6.983760  -0.237667  21.932206    0.003766  0.009897 -0.007452
   N   7.871007  -0.059192  21.492752   -0.001341  0.001889 -0.000007
   S   7.942171   0.044956  15.489715    0.001816 -0.000654 -0.005102
converged SCF energy = -685.940201078276
--------------- RKS_Scanner gradients ---------------
         x                y                z
0 C    -0.0000937218     0.0001889474    -0.0038507601
1 C    -0.0012462826    -0.0006819913     0.0020791423
2 C     0.0004092194     0.0001564597    -0.0008879812
3 C    -0.0005070178    -0.0004924721    -0.0011702222
4 C    -0.0000920247     0.0000933813     0.0016676762
5 C     0.0013236875     0.0010562382     0.0023026813
6 H    -0.0003190638    -0.0001219901     0.0001275858
7 H     0.0002240486     0.0001932103     0.0001687533
8 H     0.0004321723     0.0002694736    -0.0000952457
9 H    -0.0004133010    -0.0002371854    -0.0001477465
10 H     0.0000491391     0.0000556048    -0.0004627138
11 H    -0.0001152204    -0.0001542785    -0.0001748410
12 H     0.0002036734     0.0000881304    -0.0001533863
13 N    -0.0000536255    -0.0000357499    -0.0001615603
14 S     0.0001996961    -0.0003748398     0.0007535559
----------------------------------------------
cycle 2: E = -685.940201078  dE = -0.000706952  norm(grad) = 0.00607756

Geometry optimization cycle 3
Cartesian coordinates (Angstrom)
 Atom        New coordinates             dX        dY        dZ
   C   7.936986  -0.003646  17.297691   -0.001474  0.001307  0.016704
   C   8.933744   0.645596  18.024451    0.007835  0.004407  0.000569
   C   6.870086  -0.647600  19.357878   -0.002311 -0.003679 -0.002437
   C   8.906712   0.638797  19.408336    0.006430  0.002927 -0.000058
   C   7.873004  -0.008364  20.094440    0.001677 -0.000440 -0.010752
   C   6.900538  -0.644605  17.973561   -0.008421 -0.006364 -0.001985
   H   9.688660   1.139178  19.963286    0.004748  0.000176  0.002532
   H   6.064734  -1.151691  19.874584    0.001146 -0.003043  0.001079
   H   6.119898  -1.139535  17.415242   -0.006302 -0.005073 -0.004316
   H   9.729395   1.158066  17.504461    0.005733  0.002481 -0.002518
   H   8.753389  -1.002626  15.285334   -0.005343  0.001552  0.019748
   H   8.402679   0.651340  21.954675   -0.002488  0.000693 -0.010326
   H   6.984070  -0.237654  21.920241    0.000311  0.000013 -0.011965
   N   7.870865  -0.058776  21.482205   -0.000142  0.000415 -0.010547
   S   7.940547   0.049102  15.504822   -0.001624  0.004147  0.015107
converged SCF energy = -685.940146761317
--------------- RKS_Scanner gradients ---------------
         x                y                z
0 C    -0.0001433147     0.0001296502     0.0041284165
1 C     0.0022101417     0.0012834876    -0.0009381398
2 C     0.0001402375     0.0000859837    -0.0000206139
3 C     0.0004934933     0.0003394902     0.0003151310
4 C    -0.0000102727    -0.0000794320    -0.0015832545
5 C    -0.0027100499    -0.0017699925    -0.0015221764
6 H    -0.0005252139    -0.0002958088    -0.0007021439
7 H     0.0005609763     0.0003895979    -0.0007719567
8 H     0.0002179073     0.0001306662     0.0005100715
9 H    -0.0002716089    -0.0001925607     0.0005951910
10 H    -0.0001955746     0.0003483851     0.0000599054
11 H    -0.0005570296    -0.0007115902    -0.0005385875
12 H     0.0009106258     0.0002500800    -0.0005344355
13 N    -0.0002553432     0.0005096545    -0.0006093707
14 S     0.0001364965    -0.0004142709     0.0016054861
----------------------------------------------
cycle 3: E = -685.940146761  dE = 5.4317e-05  norm(grad) = 0.00699331

Geometry optimization cycle 4
Cartesian coordinates (Angstrom)
 Atom        New coordinates             dX        dY        dZ
   C   7.937836  -0.003563  17.288642    0.000850  0.000083 -0.009048
   C   8.930617   0.643571  18.023267   -0.003126 -0.002025 -0.001183
   C   6.871085  -0.646817  19.359307    0.001000  0.000783  0.001429
   C   8.904158   0.637404  19.408547   -0.002554 -0.001393  0.000211
   C   7.872301  -0.008453  20.100130   -0.000704 -0.000089  0.005689
   C   6.905200  -0.641760  17.973741    0.004662  0.002845  0.000180
   H   9.687718   1.138926  19.962241   -0.000942 -0.000252 -0.001045
   H   6.063777  -1.152116  19.874056   -0.000957 -0.000425 -0.000528
   H   6.123187  -1.137595  17.416540    0.003289  0.001940  0.001298
   H   9.727908   1.157143  17.505041   -0.001487 -0.000923  0.000580
   H   8.754012  -1.004071  15.276766    0.000623 -0.001445 -0.008568
   H   8.402966   0.652354  21.961534    0.000286  0.001014  0.006859
   H   6.983028  -0.237656  21.927744   -0.001042 -0.000002  0.007503
   N   7.870426  -0.058420  21.488816   -0.000439  0.000357  0.006611
   S   7.941053   0.048555  15.494992    0.000505 -0.000548 -0.009830
converged SCF energy = -685.940255799275
--------------- RKS_Scanner gradients ---------------
         x                y                z
0 C    -0.0000467246     0.0001135113     0.0003584886
1 C     0.0005350463     0.0002387336    -0.0001616032
2 C    -0.0001075536    -0.0000572118     0.0000668114
3 C     0.0001493047     0.0001133772     0.0000411383
4 C     0.0000172862    -0.0000821268    -0.0002053368
5 C    -0.0005032986    -0.0003342506    -0.0002359120
6 H    -0.0001485331    -0.0000606398    -0.0001429985
7 H     0.0001184594     0.0001072716    -0.0001355719
8 H     0.0001169801     0.0000654865     0.0001151381
9 H    -0.0001118929    -0.0000778301     0.0001101967
10 H    -0.0000193756     0.0001238424    -0.0000088648
11 H    -0.0001075380    -0.0001504222    -0.0000776736
12 H     0.0001796633     0.0000697303    -0.0000696324
13 N    -0.0000810616     0.0000985019    -0.0001077542
14 S     0.0000105614    -0.0001648254     0.0004478300
----------------------------------------------
cycle 4: E = -685.940255799  dE = -0.000109038  norm(grad) = 0.00124289

Geometry optimization cycle 5
Cartesian coordinates (Angstrom)
 Atom        New coordinates             dX        dY        dZ
   C   7.938167  -0.003447  17.287069    0.000331  0.000116 -0.001574
   C   8.929604   0.643526  18.023610   -0.001013 -0.000045  0.000343
   C   6.872014  -0.646325  19.359068    0.000929  0.000492 -0.000238
   C   8.903843   0.637732  19.409136   -0.000315  0.000328  0.000589
   C   7.872325  -0.008016  20.101315    0.000024  0.000437  0.001185
   C   6.906024  -0.641127  17.973293    0.000824  0.000633 -0.000448
   H   9.688061   1.139227  19.962557    0.000344  0.000301  0.000316
   H   6.064598  -1.152471  19.873439    0.000821 -0.000355 -0.000617
   H   6.123570  -1.137333  17.416403    0.000383  0.000262 -0.000137
   H   9.727340   1.157482  17.505803   -0.000568  0.000339  0.000762
   H   8.751950  -1.006639  15.275618   -0.002062 -0.002568 -0.001148
   H   8.402327   0.652760  21.963173   -0.000639  0.000406  0.001639
   H   6.982741  -0.238750  21.928819   -0.000287 -0.001094  0.001075
   N   7.870328  -0.058541  21.490150   -0.000097 -0.000121  0.001335
   S   7.942165   0.048909  15.492841    0.001112  0.000354 -0.002151
converged SCF energy = -685.940258969889
--------------- RKS_Scanner gradients ---------------
         x                y                z
0 C     0.0000232436     0.0000219566    -0.0001134107
1 C    -0.0000996969    -0.0001048655     0.0001301408
2 C     0.0001600892     0.0000940465    -0.0000958970
3 C     0.0001097710     0.0000629958     0.0000230785
4 C    -0.0000296371    -0.0000228345     0.0000695577
5 C    -0.0001572867    -0.0000538276    -0.0000626454
6 H     0.0000014229     0.0000054333     0.0000247471
7 H     0.0000142772     0.0000147691    -0.0000167577
8 H    -0.0000006146    -0.0000057993    -0.0000296686
9 H    -0.0000126622    -0.0000030674     0.0000072560
10 H     0.0000474900     0.0000317969    -0.0000039770
11 H     0.0000143016    -0.0000133157     0.0000089272
12 H     0.0000029987     0.0000129193     0.0000028844
13 N     0.0000024209     0.0000173382    -0.0000143421
14 S    -0.0000747011    -0.0000543765     0.0000645408
----------------------------------------------
cycle 5: E = -685.94025897  dE = -3.17061e-06  norm(grad) = 0.000411585

Geometry optimization cycle 6
Cartesian coordinates (Angstrom)
 Atom        New coordinates             dX        dY        dZ
   C   7.939321  -0.002691  17.286909    0.001154  0.000755 -0.000160
   C   8.930575   0.644624  18.023222    0.000970  0.001099 -0.000388
   C   6.871449  -0.647084  19.359746   -0.000565 -0.000759  0.000677
   C   8.902921   0.637657  19.408801   -0.000922 -0.000075 -0.000335
   C   7.871778  -0.008254  20.101484   -0.000546 -0.000238  0.000169
   C   6.907658  -0.640296  17.973972    0.001634  0.000831  0.000679
   H   9.686996   1.138998  19.962727   -0.001065 -0.000229  0.000170
   H   6.063893  -1.153932  19.873485   -0.000705 -0.001462  0.000047
   H   6.125419  -1.136489  17.416609    0.001849  0.000844  0.000206
   H   9.728683   1.158929  17.506078    0.001343  0.001447  0.000274
   H   8.748422  -1.009600  15.275426   -0.003528 -0.002961 -0.000192
   H   8.401564   0.653423  21.963097   -0.000763  0.000662 -0.000076
   H   6.982815  -0.239747  21.929241    0.000074 -0.000998  0.000423
   N   7.870227  -0.058685  21.490392   -0.000101 -0.000144  0.000242
   S   7.943035   0.049450  15.492318    0.000870  0.000542 -0.000523
converged SCF energy = -685.940258285318
--------------- RKS_Scanner gradients ---------------
         x                y                z
0 C     0.0000299971    -0.0000296838    -0.0001428473
1 C     0.0001278813     0.0000575989    -0.0000706059
2 C    -0.0002771876    -0.0001729509     0.0001723145
3 C    -0.0002671817    -0.0001854108    -0.0001666224
4 C     0.0000359305     0.0000475354     0.0000106890
5 C     0.0004121644     0.0003285086     0.0002445964
6 H     0.0000362442     0.0000122818     0.0000024202
7 H    -0.0000712140    -0.0000522342     0.0000877778
8 H    -0.0000194547    -0.0000169013     0.0000010164
9 H     0.0000561703     0.0000454166    -0.0000744564
10 H     0.0000661144     0.0000035558     0.0000041924
11 H     0.0000480976     0.0000353839     0.0000113778
12 H    -0.0000588712    -0.0000156400     0.0000325343
13 N    -0.0000437781    -0.0000585008    -0.0000097462
14 S    -0.0000734639     0.0000042216    -0.0001081363
----------------------------------------------
cycle 6: E = -685.940258285  dE = 6.84571e-07  norm(grad) = 0.00084965

Geometry optimization cycle 7
Cartesian coordinates (Angstrom)
 Atom        New coordinates             dX        dY        dZ
   C   7.939148  -0.002765  17.287206   -0.000173 -0.000074  0.000297
   C   8.930282   0.644458  18.023802   -0.000293 -0.000166  0.000580
   C   6.872163  -0.646881  19.359199    0.000714  0.000203 -0.000547
   C   8.903518   0.638137  19.409369    0.000596  0.000480  0.000568
   C   7.872206  -0.008100  20.101411    0.000427  0.000154 -0.000073
   C   6.907214  -0.640779  17.973427   -0.000444 -0.000483 -0.000545
   H   9.687504   1.139630  19.963162    0.000508  0.000632  0.000435
   H   6.064777  -1.153614  19.873128    0.000885  0.000318 -0.000357
   H   6.124968  -1.136970  17.416199   -0.000451 -0.000481 -0.000409
   H   9.728210   1.158649  17.506463   -0.000473 -0.000280  0.000385
   H   8.747227  -1.010327  15.275572   -0.001195 -0.000727  0.000146
   H   8.401023   0.653450  21.963318   -0.000540  0.000028  0.000222
   H   6.982662  -0.240062  21.928751   -0.000153 -0.000314 -0.000490
   N   7.870155  -0.058729  21.490300   -0.000072 -0.000044 -0.000093
   S   7.943567   0.049917  15.492695    0.000531  0.000467  0.000377
converged SCF energy = -685.940260084195
--------------- RKS_Scanner gradients ---------------
         x                y                z
0 C     0.0000256589     0.0000006659    -0.0000390258
1 C    -0.0000093594    -0.0000424347     0.0000137772
2 C    -0.0000383028    -0.0000192006     0.0000356008
3 C    -0.0000209680    -0.0000185207    -0.0000195106
4 C    -0.0000006941     0.0000036983    -0.0000006244
5 C     0.0000685904     0.0000930727     0.0000255909
6 H     0.0000160848     0.0000047876     0.0000095260
7 H    -0.0000169887    -0.0000125528     0.0000187541
8 H    -0.0000045779    -0.0000086451    -0.0000035941
9 H     0.0000107605     0.0000129216    -0.0000115054
10 H     0.0000464110     0.0000268816     0.0000031279
11 H     0.0000207787     0.0000047805     0.0000036387
12 H    -0.0000158439    -0.0000004039     0.0000079172
13 N    -0.0000136767    -0.0000089418     0.0000045306
14 S    -0.0000663215    -0.0000329100    -0.0000536907
----------------------------------------------
cycle 7: E = -685.940260084  dE = -1.79888e-06  norm(grad) = 0.000191251

Geometry optimization cycle 8
Cartesian coordinates (Angstrom)
 Atom        New coordinates             dX        dY        dZ
   C   7.939741  -0.002334  17.287438    0.000593  0.000431  0.000232
   C   8.930536   0.645050  18.024319    0.000254  0.000591  0.000516
   C   6.872879  -0.647067  19.358826    0.000716 -0.000186 -0.000373
   C   8.903577   0.638740  19.409890    0.000060  0.000603  0.000521
   C   7.872400  -0.008043  20.101560    0.000195  0.000057  0.000149
   C   6.907747  -0.640871  17.973067    0.000532 -0.000092 -0.000360
   H   9.687290   1.140417  19.963856   -0.000214  0.000788  0.000694
   H   6.065604  -1.154116  19.872555    0.000827 -0.000502 -0.000574
   H   6.125636  -1.137041  17.415663    0.000668 -0.000072 -0.000537
   H   9.728472   1.159357  17.507162    0.000261  0.000708  0.000699
   H   8.742985  -1.013606  15.275683   -0.004242 -0.003279  0.000112
   H   8.399818   0.653806  21.963747   -0.001205  0.000356  0.000428
   H   6.982486  -0.241197  21.928513   -0.000176 -0.001135 -0.000238
   N   7.869971  -0.058937  21.490455   -0.000184 -0.000208  0.000156
   S   7.945032   0.050904  15.492918    0.001465  0.000987  0.000223
converged SCF energy = -685.94026082266
--------------- RKS_Scanner gradients ---------------
         x                y                z
0 C     0.0000229309     0.0000079219     0.0000457038
1 C    -0.0000143092    -0.0000466211     0.0000071878
2 C     0.0000587077     0.0000466117    -0.0000278607
3 C     0.0000024979    -0.0000019412    -0.0000081886
4 C    -0.0000111427    -0.0000056262     0.0000478061
5 C    -0.0000490419     0.0000091974    -0.0000572374
6 H     0.0000045961    -0.0000032752     0.0000050835
7 H     0.0000050201     0.0000019954    -0.0000043854
8 H    -0.0000037481    -0.0000077215    -0.0000074939
9 H     0.0000022944     0.0000071124     0.0000027950
10 H     0.0000391311     0.0000297825     0.0000035940
11 H     0.0000079620    -0.0000012598     0.0000014919
12 H    -0.0000022894     0.0000024224    -0.0000000321
13 N     0.0000000080     0.0000027795     0.0000297456
14 S    -0.0000608794    -0.0000381503    -0.0000436358
----------------------------------------------
cycle 8: E = -685.940260823  dE = -7.38465e-07  norm(grad) = 0.000174798

Geometry optimization cycle 9
Cartesian coordinates (Angstrom)
 Atom        New coordinates             dX        dY        dZ
   C   7.940652  -0.001729  17.287788    0.000912  0.000605  0.000351
   C   8.930895   0.645911  18.025150    0.000359  0.000861  0.000831
   C   6.873554  -0.647598  19.358552    0.000675 -0.000531 -0.000274
   C   8.903734   0.639694  19.410720    0.000157  0.000953  0.000830
   C   7.872595  -0.008024  20.101494    0.000194  0.000018 -0.000066
   C   6.908682  -0.640937  17.972846    0.000935 -0.000066 -0.000221
   H   9.686970   1.141680  19.965046   -0.000320  0.001263  0.001190
   H   6.066421  -1.155104  19.872016    0.000817 -0.000988 -0.000539
   H   6.126824  -1.137051  17.415086    0.001188 -0.000010 -0.000577
   H   9.728817   1.160393  17.508221    0.000345  0.001036  0.001059
   H   8.736924  -1.018290  15.275869   -0.006061 -0.004684  0.000186
   H   8.398212   0.654228  21.964000   -0.001606  0.000421  0.000253
   H   6.982219  -0.242735  21.927922   -0.000267 -0.001539 -0.000591
   N   7.869688  -0.059255  21.490363   -0.000283 -0.000318 -0.000092
   S   7.947197   0.052287  15.493309    0.002165  0.001383  0.000390
converged SCF energy = -685.940261681805
--------------- RKS_Scanner gradients ---------------
         x                y                z
0 C     0.0000138675     0.0000117976     0.0000401955
1 C    -0.0000875471    -0.0000920856     0.0000334160
2 C     0.0000091842     0.0000195301     0.0000229081
3 C     0.0001258210     0.0000779272     0.0001040787
4 C    -0.0000135632    -0.0000120866    -0.0001087847
5 C    -0.0000555981    -0.0000042086    -0.0000575134
6 H     0.0000104210     0.0000015513     0.0000054947
7 H     0.0000032135     0.0000033852    -0.0000174843
8 H     0.0000074641     0.0000003346     0.0000045890
9 H    -0.0000155951    -0.0000060111     0.0000258789
10 H     0.0000310631     0.0000324649     0.0000021834
11 H    -0.0000031506    -0.0000028534    -0.0000053636
12 H     0.0000054426     0.0000036949    -0.0000119050
13 N     0.0000165084     0.0000090009    -0.0000095898
14 S    -0.0000455632    -0.0000391923    -0.0000334262
----------------------------------------------
cycle 9: E = -685.940261682  dE = -8.59145e-07  norm(grad) = 0.00028362

Geometry optimization cycle 10
Cartesian coordinates (Angstrom)
 Atom        New coordinates             dX        dY        dZ
   C   7.942084  -0.000835  17.288172    0.001432  0.000894  0.000383
   C   8.931644   0.647306  18.025985    0.000749  0.001395  0.000835
   C   6.874658  -0.648285  19.358118    0.001104 -0.000688 -0.000434
   C   8.903408   0.640763  19.411549   -0.000326  0.001069  0.000829
   C   7.872692  -0.008037  20.101869    0.000098 -0.000012  0.000374
   C   6.910148  -0.640993  17.972474    0.001467 -0.000056 -0.000372
   H   9.685931   1.143227  19.966401   -0.001039  0.001546  0.001355
   H   6.067670  -1.156523  19.871054    0.001249 -0.001419 -0.000961
   H   6.128649  -1.137084  17.414202    0.001825 -0.000033 -0.000884
   H   9.729647   1.162114  17.509531    0.000831  0.001721  0.001310
   H   8.728227  -1.024988  15.276096   -0.008696 -0.006698  0.000227
   H   8.396075   0.654710  21.964835   -0.002137  0.000483  0.000835
   H   6.981804  -0.244805  21.927742   -0.000415 -0.002069 -0.000180
   N   7.869205  -0.059686  21.490735   -0.000482 -0.000431  0.000372
   S   7.950270   0.054128  15.493796    0.003073  0.001841  0.000487
converged SCF energy = -685.940262847088
--------------- RKS_Scanner gradients ---------------
         x                y                z
0 C    -0.0000046143     0.0000103259     0.0000892203
1 C     0.0000234607    -0.0000173292    -0.0000240222
2 C     0.0000640601     0.0000541678    -0.0000387742
3 C     0.0000309721     0.0000124259     0.0000252957
4 C    -0.0000124362    -0.0000086687    -0.0000042712
5 C    -0.0001173368    -0.0000539272    -0.0000676617
6 H    -0.0000111872    -0.0000108977    -0.0000088023
7 H     0.0000181052     0.0000157938    -0.0000228976
8 H     0.0000064148     0.0000010630     0.0000054579
9 H    -0.0000119786    -0.0000050758     0.0000177787
10 H     0.0000242736     0.0000293974     0.0000003354
11 H    -0.0000165975    -0.0000036753    -0.0000030417
12 H     0.0000116397     0.0000042603    -0.0000092889
13 N     0.0000221169     0.0000061893     0.0000160390
14 S    -0.0000246095    -0.0000307644     0.0000194341
----------------------------------------------
cycle 10: E = -685.940262847  dE = -1.16528e-06  norm(grad) = 0.000219088

Geometry optimization cycle 11
Cartesian coordinates (Angstrom)
 Atom        New coordinates             dX        dY        dZ
   C   7.944197   0.000363  17.288560    0.002113  0.001198  0.000388
   C   8.932545   0.649196  18.027362    0.000901  0.001890  0.001377
   C   6.876068  -0.649381  19.357633    0.001410 -0.001096 -0.000485
   C   8.903040   0.642423  19.412940   -0.000368  0.001660  0.001391
   C   7.872768  -0.008030  20.102317    0.000076  0.000007  0.000449
   C   6.912432  -0.641016  17.972051    0.002283 -0.000022 -0.000423
   H   9.684569   1.145625  19.968549   -0.001363  0.002398  0.002148
   H   6.069281  -1.158771  19.869785    0.001610 -0.002248 -0.001269
   H   6.131473  -1.137137  17.413009    0.002824 -0.000053 -0.001194
   H   9.730685   1.164525  17.511616    0.001037  0.002411  0.002085
   H   8.715771  -1.034447  15.276273   -0.012456 -0.009460  0.000177
   H   8.393269   0.655164  21.965942   -0.002806  0.000453  0.001107
   H   6.981040  -0.247488  21.927415   -0.000764 -0.002683 -0.000327
   N   7.868389  -0.060267  21.491167   -0.000816 -0.000581  0.000431
   S   7.954547   0.056514  15.494225    0.004277  0.002386  0.000429
converged SCF energy = -685.940264093883
--------------- RKS_Scanner gradients ---------------
         x                y                z
0 C    -0.0000164296    -0.0000022925     0.0000366480
1 C     0.0000254798    -0.0000057994    -0.0000079235
2 C     0.0000262392     0.0000306907    -0.0000228820
3 C     0.0000203553     0.0000011638     0.0000111030
4 C    -0.0000121815    -0.0000010836    -0.0000024135
5 C    -0.0000532137    -0.0000199012    -0.0000195869
6 H    -0.0000047009    -0.0000067999    -0.0000061057
7 H     0.0000061970     0.0000087509    -0.0000129170
8 H     0.0000020461     0.0000014375    -0.0000035583
9 H    -0.0000085605    -0.0000025641     0.0000025549
10 H     0.0000208700     0.0000150765    -0.0000009308
11 H    -0.0000189761     0.0000060188    -0.0000009758
12 H     0.0000032648    -0.0000002526    -0.0000044308
13 N     0.0000293381    -0.0000058763     0.0000149719
14 S    -0.0000171045    -0.0000152372     0.0000114551
----------------------------------------------
cycle 11: E = -685.940264094  dE = -1.2468e-06  norm(grad) = 0.000110377

Geometry optimization cycle 12
Cartesian coordinates (Angstrom)
 Atom        New coordinates             dX        dY        dZ
   C   7.947242   0.001948  17.289177    0.003045  0.001585  0.000617
   C   8.933811   0.651783  18.029403    0.001266  0.002587  0.002041
   C   6.878096  -0.651069  19.356919    0.002027 -0.001688 -0.000713
   C   8.902432   0.644748  19.414985   -0.000608  0.002325  0.002045
   C   7.872788  -0.008056  20.102953    0.000020 -0.000026  0.000636
   C   6.915699  -0.641253  17.971421    0.003267 -0.000237 -0.000631
   H   9.682457   1.149076  19.971714   -0.002112  0.003451  0.003165
   H   6.071656  -1.162139  19.867986    0.002375 -0.003368 -0.001799
   H   6.135570  -1.137532  17.411339    0.004097 -0.000395 -0.001669
   H   9.732197   1.167870  17.514779    0.001512  0.003344  0.003163
   H   8.697887  -1.047374  15.276477   -0.017884 -0.012927  0.000204
   H   8.389610   0.655474  21.967530   -0.003659  0.000311  0.001588
   H   6.979688  -0.250780  21.926980   -0.001352 -0.003292 -0.000436
   N   7.867008  -0.060985  21.491762   -0.001381 -0.000718  0.000595
   S   7.960604   0.059822  15.494908    0.006057  0.003308  0.000683
converged SCF energy = -685.940265079002
--------------- RKS_Scanner gradients ---------------
         x                y                z
0 C    -0.0000108674    -0.0000027763    -0.0000166012
1 C     0.0000148749     0.0000027433     0.0000102425
2 C    -0.0000093605     0.0000061794     0.0000046756
3 C    -0.0000023652    -0.0000181459    -0.0000070521
4 C    -0.0000077477     0.0000033116    -0.0000192847
5 C     0.0000062518     0.0000074958     0.0000095786
6 H     0.0000006369    -0.0000027180     0.0000011848
7 H    -0.0000026996     0.0000039975     0.0000027847
8 H     0.0000019404     0.0000026401    -0.0000002949
9 H    -0.0000011134     0.0000007191    -0.0000023948
10 H     0.0000079329     0.0000049518    -0.0000003910
11 H    -0.0000122762     0.0000177057     0.0000065392
12 H    -0.0000055084    -0.0000061767     0.0000011952
13 N     0.0000288248    -0.0000120544     0.0000053549
14 S    -0.0000055771    -0.0000044250    -0.0000002712
----------------------------------------------
cycle 12: E = -685.940265079  dE = -9.85119e-07  norm(grad) = 6.06294e-05

Geometry optimization cycle 13
Cartesian coordinates (Angstrom)
 Atom        New coordinates             dX        dY        dZ
   C   7.949113   0.002818  17.289668    0.001871  0.000870  0.000491
   C   8.934543   0.653334  18.030739    0.000732  0.001550  0.001336
   C   6.879364  -0.652188  19.356464    0.001269 -0.001118 -0.000455
   C   8.901992   0.646252  19.416332   -0.000440  0.001504  0.001347
   C   7.872736  -0.008075  20.103390   -0.000052 -0.000019  0.000437
   C   6.917668  -0.641540  17.971027    0.001970 -0.000287 -0.000393
   H   9.681039   1.151360  19.973725   -0.001418  0.002284  0.002010
   H   6.073190  -1.164378  19.866835    0.001534 -0.002239 -0.001151
   H   6.138095  -1.137968  17.410291    0.002525 -0.000437 -0.001048
   H   9.733063   1.169869  17.516777    0.000867  0.001999  0.001999
   H   8.686826  -1.055149  15.276688   -0.011061 -0.007775  0.000211
   H   8.387568   0.655322  21.968573   -0.002042 -0.000152  0.001043
   H   6.978635  -0.252490  21.926741   -0.001053 -0.001710 -0.000239
   N   7.865985  -0.061431  21.492154   -0.001023 -0.000447  0.000392
   S   7.964398   0.061738  15.495446    0.003794  0.001916  0.000539
converged SCF energy = -685.940265277113
--------------- RKS_Scanner gradients ---------------
         x                y                z
0 C    -0.0000041015    -0.0000006861    -0.0000152432
1 C     0.0000022661     0.0000036675     0.0000023843
2 C    -0.0000108221     0.0000003589     0.0000079117
3 C    -0.0000001962    -0.0000138240    -0.0000067143
4 C    -0.0000078010     0.0000000657    -0.0000214963
5 C     0.0000158478     0.0000101497     0.0000034938
6 H     0.0000020048    -0.0000015487     0.0000034480
7 H    -0.0000037992     0.0000023049     0.0000055183
8 H     0.0000003947     0.0000013131     0.0000023627
9 H     0.0000023800     0.0000001778     0.0000003183
10 H    -0.0000008474     0.0000001290    -0.0000010872
11 H    -0.0000087075     0.0000131097     0.0000055176
12 H    -0.0000046986    -0.0000080893     0.0000030717
13 N     0.0000203448    -0.0000041535     0.0000041037
14 S     0.0000008299     0.0000006039     0.0000018159
----------------------------------------------
cycle 13: E = -685.940265277  dE = -1.9811e-07  norm(grad) = 4.99042e-05

Geometry optimization cycle 14
Cartesian coordinates (Angstrom)
 Atom        New coordinates             dX        dY        dZ
   C   7.949213   0.002807  17.289770    0.000100 -0.000012  0.000102
   C   8.934517   0.653433  18.030897   -0.000026  0.000100  0.000158
   C   6.879426  -0.652341  19.356460    0.000061 -0.000153 -0.000004
   C   8.901856   0.646404  19.416492   -0.000136  0.000152  0.000160
   C   7.872656  -0.008096  20.103479   -0.000079 -0.000021  0.000089
   C   6.917769  -0.641659  17.971032    0.000100 -0.000119  0.000005
   H   9.680793   1.151646  19.973911   -0.000246  0.000286  0.000186
   H   6.073306  -1.164683  19.866757    0.000116 -0.000305 -0.000078
   H   6.138269  -1.138133  17.410231    0.000173 -0.000164 -0.000060
   H   9.733019   1.170023  17.516962   -0.000044  0.000154  0.000184
   H   8.686189  -1.055731  15.276823   -0.000637 -0.000582  0.000135
   H   8.387637   0.655013  21.968706    0.000068 -0.000310  0.000133
   H   6.978396  -0.252348  21.926777   -0.000240  0.000142  0.000036
   N   7.865796  -0.061497  21.492222   -0.000189 -0.000066  0.000068
   S   7.964680   0.061759  15.495549    0.000282  0.000020  0.000103
converged SCF energy = -685.940265290604
--------------- RKS_Scanner gradients ---------------
         x                y                z
0 C    -0.0000021902    -0.0000017719     0.0000008798
1 C     0.0000066094     0.0000054346     0.0000054711
2 C    -0.0000053838     0.0000032188     0.0000018788
3 C     0.0000068869    -0.0000029986    -0.0000072258
4 C    -0.0000112410    -0.0000017157     0.0000036219
5 C     0.0000036578     0.0000017949     0.0000043493
6 H     0.0000012353    -0.0000022097    -0.0000020115
7 H    -0.0000019805     0.0000018004    -0.0000020092
8 H    -0.0000011717     0.0000027572    -0.0000038662
9 H     0.0000001029    -0.0000006093    -0.0000058898
10 H     0.0000006354    -0.0000034140    -0.0000013343
11 H    -0.0000094751     0.0000055474    -0.0000010518
12 H     0.0000011448    -0.0000044723    -0.0000023982
13 N     0.0000148875    -0.0000024296     0.0000034737
14 S    -0.0000006052     0.0000026667     0.0000015259
----------------------------------------------
cycle 14: E = -685.940265291  dE = -1.34917e-08  norm(grad) = 3.05603e-05
converged SCF energy = -685.940265291012
Dipole moment(X, Y, Z, Debye): -0.15371,  0.09089,  3.12659
