
Geometry optimization cycle 1
Cartesian coordinates (Angstrom)
 Atom        New coordinates             dX        dY        dZ
   C   7.859186  -0.030145  17.047016    0.000000  0.000000  0.000000
   C   8.920096   0.582372  17.723363    0.000000  0.000000  0.000000
   C   6.904831  -0.581142  19.225872    0.000000  0.000000  0.000000
   C   8.989361   0.622362  19.112999    0.000000  0.000000  0.000000
   C   7.975397   0.036949  19.872353    0.000000  0.000000  0.000000
   C   6.857533  -0.608449  17.834180    0.000000  0.000000  0.000000
   F  10.028745   1.222450  19.726013   -0.000000  0.000000 -0.000000
   F   8.029177   0.068000  21.218011    0.000000  0.000000  0.000000
   F   5.920553  -1.149415  19.950601    0.000000  0.000000  0.000000
   F   5.801752  -1.218005  17.237907    0.000000  0.000000  0.000000
   F   9.913242   1.155765  17.001699    0.000000  0.000000  0.000000
   H   6.688253  -0.706184  15.186893    0.000000  0.000000  0.000000
   S   7.854295  -0.032969  15.291691    0.000000  0.000000  0.000000
converged SCF energy = -1126.90546586523
--------------- RKS_Scanner gradients ---------------
         x                y                z
0 C    -0.0010517257    -0.0006008402    -0.0117156687
1 C    -0.0040478602    -0.0023523771     0.0020098250
2 C     0.0031693745     0.0018425300    -0.0028544824
3 C    -0.0036193533    -0.0020955829    -0.0024642570
4 C    -0.0001695270    -0.0000999284    -0.0045322778
5 C     0.0038859411     0.0022462549     0.0011715919
6 F     0.0098705475     0.0056586743     0.0057917072
7 F     0.0004448964     0.0002502756     0.0127375931
8 F    -0.0089825517    -0.0051763036     0.0067833729
9 F    -0.0092665805    -0.0053139438    -0.0055291492
10 F     0.0089740155     0.0051699162    -0.0070135255
11 H    -0.0029281627    -0.0016905371     0.0007793832
12 S     0.0037513842     0.0021648080     0.0048311227
----------------------------------------------
cycle 1: E = -1126.90546587  dE = -1126.91  norm(grad) = 0.0329575

Geometry optimization cycle 2
Cartesian coordinates (Angstrom)
 Atom        New coordinates             dX        dY        dZ
   C   7.858624  -0.030751  17.054732   -0.000562 -0.000606  0.007715
   C   8.911794   0.578032  17.731177   -0.008302 -0.004340  0.007814
   C   6.911947  -0.577424  19.225885    0.007117  0.003719  0.000013
   C   8.980622   0.618319  19.112079   -0.008739 -0.004043 -0.000920
   C   7.974799   0.037189  19.868183   -0.000598  0.000240 -0.004170
   C   6.865668  -0.604580  17.842892    0.008135  0.003869  0.008711
   F  10.010556   1.214157  19.718528   -0.018189 -0.008294 -0.007485
   F   8.029209   0.069192  21.201657    0.000032  0.001192 -0.016354
   F   5.935821  -1.141316  19.943129    0.015268  0.008100 -0.007473
   F   5.817854  -1.210662  17.256039    0.016101  0.007343  0.018132
   F   9.898025   1.147722  17.020076   -0.015217 -0.008043  0.018377
   H   6.692255  -0.703706  15.165365    0.004002  0.002478 -0.021528
   S   7.851065  -0.034988  15.289513   -0.003229 -0.002019 -0.002179
converged SCF energy = -1126.90667204855
--------------- RKS_Scanner gradients ---------------
         x                y                z
0 C     0.0002185710     0.0001276484    -0.0041684154
1 C    -0.0028970408    -0.0016894445     0.0047402473
2 C     0.0021710170     0.0012569394    -0.0021407625
3 C    -0.0025257004    -0.0014757781    -0.0019965147
4 C    -0.0000509359    -0.0000333155    -0.0034261255
5 C     0.0034934670     0.0020381018     0.0040454507
6 F     0.0013728138     0.0007619539     0.0009690597
7 F     0.0000502551     0.0000224051     0.0021926086
8 F    -0.0012791518    -0.0007194649     0.0011565896
9 F    -0.0012923250    -0.0007235219    -0.0009887847
10 F     0.0011312271     0.0006286073    -0.0013727024
11 H     0.0000380149     0.0000264858    -0.0005280818
12 S    -0.0003880560    -0.0002144888     0.0015155408
----------------------------------------------
cycle 2: E = -1126.90667205  dE = -0.00120618  norm(grad) = 0.0118429

Geometry optimization cycle 3
Cartesian coordinates (Angstrom)
 Atom        New coordinates             dX        dY        dZ
   C   7.859333  -0.030533  17.066483    0.000709  0.000219  0.011751
   C   8.918869   0.582927  17.728250    0.007075  0.004895 -0.002927
   C   6.907976  -0.580067  19.222722   -0.003971 -0.002644 -0.003163
   C   8.982351   0.620600  19.110446    0.001728  0.002280 -0.001632
   C   7.972965   0.036813  19.862038   -0.001834 -0.000376 -0.006145
   C   6.857647  -0.610015  17.839023   -0.008022 -0.005435 -0.003869
   F  10.007547   1.214828  19.719764   -0.003009  0.000672  0.001236
   F   8.026537   0.068800  21.192147   -0.002672 -0.000391 -0.009510
   F   5.935695  -1.142295  19.940815   -0.000126 -0.000979 -0.002313
   F   5.814440  -1.214453  17.249206   -0.003414 -0.003791 -0.006833
   F   9.901850   1.151350  17.017494    0.003825  0.003629 -0.002582
   H   6.693933  -0.703205  15.182747    0.001678  0.000501  0.017382
   S   7.852770  -0.034465  15.298452    0.001705  0.000523  0.008940
converged SCF energy = -1126.90669700165
--------------- RKS_Scanner gradients ---------------
         x                y                z
0 C    -0.0000421191    -0.0000274157     0.0031238938
1 C     0.0012946074     0.0007324506    -0.0006242094
2 C     0.0008261551     0.0004827092    -0.0000447843
3 C    -0.0007969832    -0.0004786171     0.0000147787
4 C    -0.0000123562    -0.0000115543    -0.0006221668
5 C    -0.0013532924    -0.0007612866    -0.0004284707
6 F    -0.0003916326    -0.0002564389    -0.0006200279
7 F    -0.0000237524    -0.0000213151    -0.0012153439
8 F     0.0004027616     0.0002523825    -0.0006885898
9 F    -0.0007591741    -0.0004168846    -0.0002713210
10 F     0.0007775423     0.0004238492    -0.0002488434
11 H     0.0002300456     0.0001399938     0.0002543691
12 S    -0.0001102506    -0.0000513942     0.0013696735
----------------------------------------------
cycle 3: E = -1126.906697  dE = -2.49531e-05  norm(grad) = 0.0048587

Geometry optimization cycle 4
Cartesian coordinates (Angstrom)
 Atom        New coordinates             dX        dY        dZ
   C   7.859001  -0.030735  17.060588   -0.000331 -0.000202 -0.005894
   C   8.915583   0.581206  17.729009   -0.003286 -0.001720  0.000759
   C   6.908603  -0.579764  19.224664    0.000626  0.000304  0.001942
   C   8.981719   0.620483  19.112308   -0.000632 -0.000117  0.001861
   C   7.973083   0.037010  19.866671    0.000118  0.000197  0.004632
   C   6.860775  -0.608331  17.839597    0.003129  0.001683  0.000574
   F  10.007910   1.215465  19.720041    0.000363  0.000637  0.000277
   F   8.026703   0.069086  21.197363    0.000166  0.000286  0.005216
   F   5.935230  -1.142742  19.941433   -0.000465 -0.000447  0.000618
   F   5.817216  -1.213154  17.251759    0.002776  0.001299  0.002553
   F   9.898958   1.149981  17.019842   -0.002892 -0.001369  0.002348
   H   6.693426  -0.703695  15.175053   -0.000507 -0.000490 -0.007694
   S   7.852494  -0.034713  15.291291   -0.000276 -0.000248 -0.007161
converged SCF energy = -1126.90675916835
--------------- RKS_Scanner gradients ---------------
         x                y                z
0 C    -0.0000704494    -0.0000446025     0.0002960963
1 C     0.0003458393     0.0001826147    -0.0001922616
2 C    -0.0000520604    -0.0000250571     0.0000762223
3 C     0.0000999745     0.0000409512     0.0000559186
4 C     0.0000037973    -0.0000023506     0.0001756205
5 C    -0.0003511057    -0.0001827425    -0.0001305664
6 F    -0.0001826881    -0.0001349516    -0.0001656670
7 F     0.0000092202    -0.0000017077    -0.0003164503
8 F     0.0002101871     0.0001415074    -0.0001969840
9 F     0.0000131984     0.0000305050    -0.0000042355
10 F    -0.0000288735    -0.0000428503     0.0000394006
11 H     0.0001141372     0.0000733703     0.0000910467
12 S    -0.0000685918    -0.0000277652     0.0002705910
----------------------------------------------
cycle 4: E = -1126.90675917  dE = -6.21667e-05  norm(grad) = 0.000951881

Geometry optimization cycle 5
Cartesian coordinates (Angstrom)
 Atom        New coordinates             dX        dY        dZ
   C   7.859059  -0.030774  17.059694    0.000058 -0.000039 -0.000894
   C   8.914561   0.581479  17.729603   -0.001021  0.000273  0.000594
   C   6.908142  -0.580323  19.224792   -0.000461 -0.000559  0.000128
   C   8.980415   0.620928  19.113056   -0.001304  0.000445  0.000749
   C   7.971977   0.036988  19.867353   -0.001106 -0.000022  0.000683
   C   6.861499  -0.608564  17.839555    0.000723 -0.000232 -0.000042
   F  10.006405   1.216662  19.721079   -0.001505  0.001197  0.001038
   F   8.025109   0.069091  21.198372   -0.001594  0.000005  0.001009
   F   5.934388  -1.144088  19.941068   -0.000842 -0.001346 -0.000365
   F   5.818142  -1.214151  17.251773    0.000926 -0.000997  0.000014
   F   9.898271   1.151048  17.021137   -0.000687  0.001067  0.001294
   H   6.693847  -0.704238  15.172317    0.000421 -0.000544 -0.002736
   S   7.852959  -0.034932  15.289997    0.000465 -0.000219 -0.001294
converged SCF energy = -1126.90676066728
--------------- RKS_Scanner gradients ---------------
         x                y                z
0 C     0.0000017771    -0.0000033890    -0.0000884848
1 C     0.0000403593     0.0000060757     0.0000356893
2 C    -0.0000404844    -0.0000160607     0.0000279224
3 C     0.0000147421    -0.0000074482    -0.0000069637
4 C     0.0000109986     0.0000014206    -0.0000403876
5 C     0.0000243689     0.0000315131     0.0000519193
6 F     0.0000187784    -0.0000184578    -0.0000089381
7 F     0.0000054460    -0.0000037692    -0.0000178937
8 F    -0.0000231498     0.0000060666     0.0000235695
9 F    -0.0000072234     0.0000191482     0.0000110084
10 F     0.0000279777    -0.0000089953    -0.0000266500
11 H    -0.0000176902    -0.0000010384    -0.0000265678
12 S    -0.0000125921     0.0000025704     0.0000647191
----------------------------------------------
cycle 5: E = -1126.90676067  dE = -1.49893e-06  norm(grad) = 0.000171963

Geometry optimization cycle 6
Cartesian coordinates (Angstrom)
 Atom        New coordinates             dX        dY        dZ
   C   7.858973  -0.030888  17.059519   -0.000086 -0.000114 -0.000175
   C   8.913517   0.581971  17.730294   -0.001044  0.000492  0.000690
   C   6.907708  -0.580953  19.224172   -0.000434 -0.000631 -0.000620
   C   8.978894   0.621555  19.113816   -0.001521  0.000627  0.000760
   C   7.970594   0.036956  19.867768   -0.001382 -0.000033  0.000415
   C   6.861479  -0.609376  17.838877   -0.000019 -0.000812 -0.000678
   F  10.004284   1.218043  19.722201   -0.002121  0.001381  0.001122
   F   8.022948   0.068993  21.198875   -0.002161 -0.000098  0.000503
   F   5.933936  -1.145444  19.939877   -0.000452 -0.001356 -0.001191
   F   5.818745  -1.215719  17.250749    0.000603 -0.001568 -0.001025
   F   9.897230   1.152279  17.022456   -0.001041  0.001231  0.001319
   H   6.694976  -0.704646  15.171739    0.001130 -0.000407 -0.000578
   S   7.853881  -0.034970  15.289648    0.000921 -0.000038 -0.000350
converged SCF energy = -1126.90676046242
--------------- RKS_Scanner gradients ---------------
         x                y                z
0 C     0.0000070648     0.0000000766    -0.0000689923
1 C    -0.0000454215    -0.0000429204     0.0000360349
2 C     0.0000620609     0.0000444814    -0.0000466836
3 C     0.0000128525    -0.0000083011    -0.0000334285
4 C    -0.0000036719    -0.0000069762     0.0000512018
5 C    -0.0000042825     0.0000126520     0.0000023747
6 F     0.0000419714    -0.0000048544     0.0000283972
7 F     0.0000238947     0.0000070538     0.0000771486
8 F     0.0000108164     0.0000256386     0.0000058500
9 F    -0.0000301368     0.0000059518    -0.0000123459
10 F    -0.0000101319    -0.0000307449     0.0000029323
11 H    -0.0000285382    -0.0000055116    -0.0000065415
12 S     0.0000069542     0.0000116439    -0.0000367928
----------------------------------------------
cycle 6: E = -1126.90676046  dE = 2.04864e-07  norm(grad) = 0.000191815
converged SCF energy = -1126.90676046234
Dipole moment(X, Y, Z, Debye): -0.70389, -0.40796, -1.32094
